t=2023-11-29T11:23:28-0300 lvl=info msg=Configured api=signer "audit log"=audit.log
t=2023-11-29T11:26:50-0300 lvl=info msg=Version    api=signer type=request metadata="{\"remote\":\"NA\",\"local\":\"NA\",\"scheme\":\"ipc\",\"User-Agent\":\"\",\"Origin\":\"\"}"
t=2023-11-29T11:26:50-0300 lvl=info msg=Version    api=signer type=response data=6.1.0 error=nil
t=2023-11-29T11:28:52-0300 lvl=info msg=List       api=signer type=request  metadata="{\"remote\":\"NA\",\"local\":\"NA\",\"scheme\":\"ipc\",\"User-Agent\":\"\",\"Origin\":\"\"}"
t=2023-11-29T11:28:52-0300 lvl=info msg=List       api=signer type=response data=[]
t=2023-11-29T11:29:32-0300 lvl=info msg=List       api=signer type=request  metadata="{\"remote\":\"NA\",\"local\":\"NA\",\"scheme\":\"ipc\",\"User-Agent\":\"\",\"Origin\":\"\"}"
t=2023-11-29T11:29:32-0300 lvl=info msg=List       api=signer type=response data=[0x65BbACef21EC52B240538497441B9DfF24BF839a]
t=2023-11-29T11:29:32-0300 lvl=info msg=SignTransaction api=signer type=request  metadata="{\"remote\":\"NA\",\"local\":\"NA\",\"scheme\":\"ipc\",\"User-Agent\":\"\",\"Origin\":\"\"}" tx="{\"from\":\"0x65BbACef21EC52B240538497441B9DfF24BF839a\",\"to\":\"0x2854fA282364A80f979b2024259AEB16b9e9348C\",\"gas\":\"0x5208\",\"gasPrice\":\"0x3b9aca00\",\"maxFeePerGas\":null,\"maxPriorityFeePerGas\":null,\"value\":\"0x2710\",\"nonce\":\"0x1\",\"data\":\"0x\",\"chainId\":\"0x1d9d0d8\"}" methodSelector=<nil>
t=2023-11-29T11:29:42-0300 lvl=info msg=SignTransaction api=signer type=response data=f86901843b9aca00825208942854fa282364a80f979b2024259aeb16b9e9348c822710808403b3a1d4a01fe9f1c7ee05a43baf40237fc5b0af2ba9daf5a4fd06a3f8323ffe557c0db898a02c16ef3eaff78a3572bbc0126a9e2d3b397a4615ad1b076c60119f5b726eb5fd error=nil
time=2024-01-24T12:39:00.812-03:00 level=INFO msg=Configured api=signer "audit log"=audit.log
time=2024-01-24T12:55:41.174-03:00 level=INFO msg=Configured api=signer "audit log"=audit.log
time=2024-01-24T12:57:56.952-03:00 level=INFO msg=Configured api=signer "audit log"=audit.log
time=2024-01-24T12:59:23.574-03:00 level=INFO msg=Configured api=signer "audit log"=audit.log
time=2024-01-24T13:11:43.317-03:00 level=INFO msg=Configured api=signer "audit log"=audit.log
time=2024-01-24T13:17:36.528-03:00 level=INFO msg=Configured api=signer "audit log"=audit.log
time=2024-01-24T13:18:38.470-03:00 level=INFO msg=Configured api=signer "audit log"=audit.log
time=2024-01-24T13:23:01.882-03:00 level=INFO msg=Configured api=signer "audit log"=audit.log
time=2024-01-24T13:24:11.036-03:00 level=INFO msg=Version api=signer type=request metadata="{\"remote\":\"NA\",\"local\":\"NA\",\"scheme\":\"ipc\",\"User-Agent\":\"\",\"Origin\":\"\"}"
time=2024-01-24T13:24:11.036-03:00 level=INFO msg=Version api=signer type=response data=6.1.0 error=<nil>
time=2024-01-24T13:24:46.560-03:00 level=INFO msg=List api=signer type=request metadata="{\"remote\":\"NA\",\"local\":\"NA\",\"scheme\":\"ipc\",\"User-Agent\":\"\",\"Origin\":\"\"}"
time=2024-01-24T13:24:52.880-03:00 level=INFO msg=List api=signer type=response data=[0x65BbACef21EC52B240538497441B9DfF24BF839a]
time=2024-01-24T13:24:52.882-03:00 level=INFO msg=SignTransaction api=signer type=request metadata="{\"remote\":\"NA\",\"local\":\"NA\",\"scheme\":\"ipc\",\"User-Agent\":\"\",\"Origin\":\"\"}" tx="{\"from\":\"0x65BbACef21EC52B240538497441B9DfF24BF839a\",\"to\":\"0x2854fA282364A80f979b2024259AEB16b9e9348C\",\"gas\":\"0x5208\",\"gasPrice\":\"0x3b9aca00\",\"maxFeePerGas\":null,\"maxPriorityFeePerGas\":null,\"value\":\"0x2710\",\"nonce\":\"0x3\",\"data\":\"0x\",\"chainId\":\"0x1d9d0d8\"}" methodSelector=<nil>
time=2024-01-24T13:24:52.882-03:00 level=INFO msg=SignTransaction api=signer type=response data=<nil> error="requested chainid 31051992 does not match the configuration of the signer"
time=2024-01-24T13:25:05.561-03:00 level=INFO msg=List api=signer type=request metadata="{\"remote\":\"NA\",\"local\":\"NA\",\"scheme\":\"ipc\",\"User-Agent\":\"\",\"Origin\":\"\"}"
time=2024-01-24T13:25:08.208-03:00 level=INFO msg=List api=signer type=response data=[0x65BbACef21EC52B240538497441B9DfF24BF839a]
time=2024-01-24T13:25:08.210-03:00 level=INFO msg=SignTransaction api=signer type=request metadata="{\"remote\":\"NA\",\"local\":\"NA\",\"scheme\":\"ipc\",\"User-Agent\":\"\",\"Origin\":\"\"}" tx="{\"from\":\"0x65BbACef21EC52B240538497441B9DfF24BF839a\",\"to\":\"0x2854fA282364A80f979b2024259AEB16b9e9348C\",\"gas\":\"0x5208\",\"gasPrice\":\"0x3b9aca00\",\"maxFeePerGas\":null,\"maxPriorityFeePerGas\":null,\"value\":\"0x2710\",\"nonce\":\"0x3\",\"data\":\"0x\",\"chainId\":\"0x1d9d0d8\"}" methodSelector=<nil>
time=2024-01-24T13:25:08.210-03:00 level=INFO msg=SignTransaction api=signer type=response data=<nil> error="requested chainid 31051992 does not match the configuration of the signer"
time=2024-01-24T13:25:17.737-03:00 level=INFO msg=List api=signer type=request metadata="{\"remote\":\"NA\",\"local\":\"NA\",\"scheme\":\"ipc\",\"User-Agent\":\"\",\"Origin\":\"\"}"
time=2024-01-24T13:25:20.993-03:00 level=INFO msg=List api=signer type=response data=[0x65BbACef21EC52B240538497441B9DfF24BF839a]
time=2024-01-24T13:25:20.994-03:00 level=INFO msg=SignTransaction api=signer type=request metadata="{\"remote\":\"NA\",\"local\":\"NA\",\"scheme\":\"ipc\",\"User-Agent\":\"\",\"Origin\":\"\"}" tx="{\"from\":\"0x65BbACef21EC52B240538497441B9DfF24BF839a\",\"to\":\"0x2854fA282364A80f979b2024259AEB16b9e9348C\",\"gas\":\"0x5208\",\"gasPrice\":\"0x3b9aca00\",\"maxFeePerGas\":null,\"maxPriorityFeePerGas\":null,\"value\":\"0x2710\",\"nonce\":\"0x3\",\"data\":\"0x\",\"chainId\":\"0x1d9d0d8\"}" methodSelector=<nil>
time=2024-01-24T13:25:20.994-03:00 level=INFO msg=SignTransaction api=signer type=response data=<nil> error="requested chainid 31051992 does not match the configuration of the signer"
time=2024-01-24T13:32:11.066-03:00 level=INFO msg=Configured api=signer "audit log"=audit.log
time=2024-01-24T13:32:26.272-03:00 level=INFO msg=Configured api=signer "audit log"=audit.log
time=2024-01-24T13:33:13.806-03:00 level=INFO msg=Version api=signer type=request metadata="{\"remote\":\"NA\",\"local\":\"NA\",\"scheme\":\"ipc\",\"User-Agent\":\"\",\"Origin\":\"\"}"
time=2024-01-24T13:33:13.806-03:00 level=INFO msg=Version api=signer type=response data=6.1.0 error=<nil>
time=2024-01-24T13:34:05.035-03:00 level=INFO msg=List api=signer type=request metadata="{\"remote\":\"NA\",\"local\":\"NA\",\"scheme\":\"ipc\",\"User-Agent\":\"\",\"Origin\":\"\"}"
time=2024-01-24T13:34:08.202-03:00 level=INFO msg=List api=signer type=response data=[]
time=2024-01-24T13:34:13.083-03:00 level=INFO msg=List api=signer type=request metadata="{\"remote\":\"NA\",\"local\":\"NA\",\"scheme\":\"ipc\",\"User-Agent\":\"\",\"Origin\":\"\"}"
time=2024-01-24T13:34:15.467-03:00 level=INFO msg=List api=signer type=response data=[0x65BbACef21EC52B240538497441B9DfF24BF839a]
time=2024-01-24T13:34:15.469-03:00 level=INFO msg=SignTransaction api=signer type=request metadata="{\"remote\":\"NA\",\"local\":\"NA\",\"scheme\":\"ipc\",\"User-Agent\":\"\",\"Origin\":\"\"}" tx="{\"from\":\"0x65BbACef21EC52B240538497441B9DfF24BF839a\",\"to\":\"0x2854fA282364A80f979b2024259AEB16b9e9348C\",\"gas\":\"0x5208\",\"gasPrice\":\"0x3b9aca00\",\"maxFeePerGas\":null,\"maxPriorityFeePerGas\":null,\"value\":\"0x2710\",\"nonce\":\"0x3\",\"data\":\"0x\",\"chainId\":\"0x1d9d0d8\"}" methodSelector=<nil>
time=2024-01-24T13:34:22.761-03:00 level=INFO msg=SignTransaction api=signer type=response data=f86903843b9aca00825208942854fa282364a80f979b2024259aeb16b9e9348c822710808403b3a1d4a004f595f8faaa953de84d61fffad5d68ee9873dfa67fe92c11a02404e7aa630cca03427b246e55f91f6d8c46f084f49d3b5007aff83d7d88b9a666263973b3b03d0 error=<nil>
time=2024-01-24T13:34:37.468-03:00 level=INFO msg=List api=signer type=request metadata="{\"remote\":\"NA\",\"local\":\"NA\",\"scheme\":\"ipc\",\"User-Agent\":\"\",\"Origin\":\"\"}"
time=2024-01-24T13:34:40.227-03:00 level=INFO msg=List api=signer type=response data=[0x65BbACef21EC52B240538497441B9DfF24BF839a]
time=2024-01-24T13:34:40.228-03:00 level=INFO msg=SignTransaction api=signer type=request metadata="{\"remote\":\"NA\",\"local\":\"NA\",\"scheme\":\"ipc\",\"User-Agent\":\"\",\"Origin\":\"\"}" tx="{\"from\":\"0x65BbACef21EC52B240538497441B9DfF24BF839a\",\"to\":\"0x2854fA282364A80f979b2024259AEB16b9e9348C\",\"gas\":\"0x5208\",\"gasPrice\":\"0x3b9aca00\",\"maxFeePerGas\":null,\"maxPriorityFeePerGas\":null,\"value\":\"0x2710\",\"nonce\":\"0x4\",\"data\":\"0x\",\"chainId\":\"0x1d9d0d8\"}" methodSelector=<nil>
time=2024-01-24T13:35:19.530-03:00 level=INFO msg=Configured api=signer "audit log"=audit.log
time=2024-01-24T13:35:30.401-03:00 level=INFO msg=Version api=signer type=request metadata="{\"remote\":\"NA\",\"local\":\"NA\",\"scheme\":\"ipc\",\"User-Agent\":\"\",\"Origin\":\"\"}"
time=2024-01-24T13:35:30.401-03:00 level=INFO msg=Version api=signer type=response data=6.1.0 error=<nil>
time=2024-01-24T13:35:44.757-03:00 level=INFO msg=List api=signer type=request metadata="{\"remote\":\"NA\",\"local\":\"NA\",\"scheme\":\"ipc\",\"User-Agent\":\"\",\"Origin\":\"\"}"
time=2024-01-24T13:35:53.925-03:00 level=INFO msg=List api=signer type=response data=[0x65BbACef21EC52B240538497441B9DfF24BF839a]
time=2024-01-24T13:35:53.926-03:00 level=INFO msg=SignTransaction api=signer type=request metadata="{\"remote\":\"NA\",\"local\":\"NA\",\"scheme\":\"ipc\",\"User-Agent\":\"\",\"Origin\":\"\"}" tx="{\"from\":\"0x65BbACef21EC52B240538497441B9DfF24BF839a\",\"to\":\"0x2854fA282364A80f979b2024259AEB16b9e9348C\",\"gas\":\"0x5208\",\"gasPrice\":\"0x3b9aca00\",\"maxFeePerGas\":null,\"maxPriorityFeePerGas\":null,\"value\":\"0x2710\",\"nonce\":\"0x4\",\"data\":\"0x\",\"chainId\":\"0x1d9d0d8\"}" methodSelector=<nil>
time=2024-01-24T13:37:04.599-03:00 level=INFO msg=Configured api=signer "audit log"=audit.log
time=2024-01-24T13:37:13.673-03:00 level=INFO msg=Version api=signer type=request metadata="{\"remote\":\"NA\",\"local\":\"NA\",\"scheme\":\"ipc\",\"User-Agent\":\"\",\"Origin\":\"\"}"
time=2024-01-24T13:37:13.673-03:00 level=INFO msg=Version api=signer type=response data=6.1.0 error=<nil>
time=2024-01-24T13:38:00.255-03:00 level=INFO msg=List api=signer type=request metadata="{\"remote\":\"NA\",\"local\":\"NA\",\"scheme\":\"ipc\",\"User-Agent\":\"\",\"Origin\":\"\"}"
time=2024-01-24T13:38:10.111-03:00 level=INFO msg=List api=signer type=response data=[0x65BbACef21EC52B240538497441B9DfF24BF839a]
time=2024-01-24T13:38:10.113-03:00 level=INFO msg=SignTransaction api=signer type=request metadata="{\"remote\":\"NA\",\"local\":\"NA\",\"scheme\":\"ipc\",\"User-Agent\":\"\",\"Origin\":\"\"}" tx="{\"from\":\"0x65BbACef21EC52B240538497441B9DfF24BF839a\",\"to\":\"0x2854fA282364A80f979b2024259AEB16b9e9348C\",\"gas\":\"0x5208\",\"gasPrice\":\"0x3b9aca00\",\"maxFeePerGas\":null,\"maxPriorityFeePerGas\":null,\"value\":\"0x2710\",\"nonce\":\"0x4\",\"data\":\"0x\",\"chainId\":\"0x1d9d0d8\"}" methodSelector=<nil>
time=2024-01-24T13:40:39.192-03:00 level=INFO msg=Configured api=signer "audit log"=audit.log
time=2024-01-24T13:40:43.210-03:00 level=INFO msg=List api=signer type=request metadata="{\"remote\":\"NA\",\"local\":\"NA\",\"scheme\":\"ipc\",\"User-Agent\":\"\",\"Origin\":\"\"}"
time=2024-01-24T13:40:45.946-03:00 level=INFO msg=List api=signer type=response data=[0x65BbACef21EC52B240538497441B9DfF24BF839a]
time=2024-01-24T13:40:45.947-03:00 level=INFO msg=SignTransaction api=signer type=request metadata="{\"remote\":\"NA\",\"local\":\"NA\",\"scheme\":\"ipc\",\"User-Agent\":\"\",\"Origin\":\"\"}" tx="{\"from\":\"0x65BbACef21EC52B240538497441B9DfF24BF839a\",\"to\":\"0x2854fA282364A80f979b2024259AEB16b9e9348C\",\"gas\":\"0x5208\",\"gasPrice\":\"0x3b9aca00\",\"maxFeePerGas\":null,\"maxPriorityFeePerGas\":null,\"value\":\"0x2710\",\"nonce\":\"0x4\",\"data\":\"0x\",\"chainId\":\"0x1d9d0d8\"}" methodSelector=<nil>
time=2024-01-24T13:40:47.884-03:00 level=INFO msg=SignTransaction api=signer type=response data=<nil> error="could not decrypt key with given password"
time=2024-01-24T13:42:07.692-03:00 level=INFO msg=List api=signer type=request metadata="{\"remote\":\"NA\",\"local\":\"NA\",\"scheme\":\"ipc\",\"User-Agent\":\"\",\"Origin\":\"\"}"
time=2024-01-24T13:42:09.931-03:00 level=INFO msg=List api=signer type=response data=[0x65BbACef21EC52B240538497441B9DfF24BF839a]
time=2024-01-24T13:42:09.932-03:00 level=INFO msg=SignTransaction api=signer type=request metadata="{\"remote\":\"NA\",\"local\":\"NA\",\"scheme\":\"ipc\",\"User-Agent\":\"\",\"Origin\":\"\"}" tx="{\"from\":\"0x65BbACef21EC52B240538497441B9DfF24BF839a\",\"to\":\"0x2854fA282364A80f979b2024259AEB16b9e9348C\",\"gas\":\"0x5208\",\"gasPrice\":\"0x3b9aca00\",\"maxFeePerGas\":null,\"maxPriorityFeePerGas\":null,\"value\":\"0x2710\",\"nonce\":\"0x4\",\"data\":\"0x\",\"chainId\":\"0x1d9d0d8\"}" methodSelector=<nil>
time=2024-01-24T13:43:20.269-03:00 level=INFO msg=Configured api=signer "audit log"=audit.log
time=2024-01-24T13:43:47.326-03:00 level=INFO msg=List api=signer type=request metadata="{\"remote\":\"NA\",\"local\":\"NA\",\"scheme\":\"ipc\",\"User-Agent\":\"\",\"Origin\":\"\"}"
time=2024-01-24T13:43:51.981-03:00 level=INFO msg=List api=signer type=response data=[0x65BbACef21EC52B240538497441B9DfF24BF839a]
time=2024-01-24T13:43:51.982-03:00 level=INFO msg=SignTransaction api=signer type=request metadata="{\"remote\":\"NA\",\"local\":\"NA\",\"scheme\":\"ipc\",\"User-Agent\":\"\",\"Origin\":\"\"}" tx="{\"from\":\"0x65BbACef21EC52B240538497441B9DfF24BF839a\",\"to\":\"0x2854fA282364A80f979b2024259AEB16b9e9348C\",\"gas\":\"0x5208\",\"gasPrice\":\"0x3b9aca00\",\"maxFeePerGas\":null,\"maxPriorityFeePerGas\":null,\"value\":\"0x2710\",\"nonce\":\"0x4\",\"data\":\"0x\",\"chainId\":\"0x1d9d0d8\"}" methodSelector=<nil>
time=2024-01-24T13:43:54.717-03:00 level=INFO msg=SignTransaction api=signer type=response data=f86904843b9aca00825208942854fa282364a80f979b2024259aeb16b9e9348c822710808403b3a1d4a0e391b59ac12038239fadf2e58a08c55d59eac0909285a5ba74702d89f5c4e419a03c04eda170d38528a9e85d51a84a5853db8b7b7c79e0701088da26ad862be494 error=<nil>
time=2024-01-24T13:44:27.702-03:00 level=INFO msg=List api=signer type=request metadata="{\"remote\":\"NA\",\"local\":\"NA\",\"scheme\":\"ipc\",\"User-Agent\":\"\",\"Origin\":\"\"}"
time=2024-01-24T13:44:30.398-03:00 level=INFO msg=List api=signer type=response data=[0x65BbACef21EC52B240538497441B9DfF24BF839a]
time=2024-01-24T13:44:30.399-03:00 level=INFO msg=SignTransaction api=signer type=request metadata="{\"remote\":\"NA\",\"local\":\"NA\",\"scheme\":\"ipc\",\"User-Agent\":\"\",\"Origin\":\"\"}" tx="{\"from\":\"0x65BbACef21EC52B240538497441B9DfF24BF839a\",\"to\":\"0x2854fA282364A80f979b2024259AEB16b9e9348C\",\"gas\":\"0x5208\",\"gasPrice\":\"0x3b9aca00\",\"maxFeePerGas\":null,\"maxPriorityFeePerGas\":null,\"value\":\"0x2710\",\"nonce\":\"0x5\",\"data\":\"0x\",\"chainId\":\"0x1d9d0d8\"}" methodSelector=<nil>
time=2024-01-24T13:44:33.354-03:00 level=INFO msg=SignTransaction api=signer type=response data=f86905843b9aca00825208942854fa282364a80f979b2024259aeb16b9e9348c822710808403b3a1d4a0a92123e2b798bdf5eb2877f7f58b11aaad6139d65429acaf4609272ba3bd65f8a0275197101937c00965fc4ea566327690eb910af0290326b7af60ed4bf2505298 error=<nil>
time=2024-01-24T13:45:17.407-03:00 level=INFO msg=List api=signer type=request metadata="{\"remote\":\"NA\",\"local\":\"NA\",\"scheme\":\"ipc\",\"User-Agent\":\"\",\"Origin\":\"\"}"
time=2024-01-24T13:45:19.614-03:00 level=INFO msg=List api=signer type=response data=[0x65BbACef21EC52B240538497441B9DfF24BF839a]
time=2024-01-24T13:45:19.616-03:00 level=INFO msg=SignTransaction api=signer type=request metadata="{\"remote\":\"NA\",\"local\":\"NA\",\"scheme\":\"ipc\",\"User-Agent\":\"\",\"Origin\":\"\"}" tx="{\"from\":\"0x65BbACef21EC52B240538497441B9DfF24BF839a\",\"to\":\"0x2854fA282364A80f979b2024259AEB16b9e9348C\",\"gas\":\"0x5208\",\"gasPrice\":\"0x3b9aca00\",\"maxFeePerGas\":null,\"maxPriorityFeePerGas\":null,\"value\":\"0x2710\",\"nonce\":\"0x6\",\"data\":\"0x\",\"chainId\":\"0x1d9d0d8\"}" methodSelector=<nil>
time=2024-01-24T13:45:22.088-03:00 level=INFO msg=SignTransaction api=signer type=response data=f86906843b9aca00825208942854fa282364a80f979b2024259aeb16b9e9348c822710808403b3a1d3a0b274533e80571d698338a363c1eeabc996facb6a3fb2b1b97f5fa6148522595ca00a22df84a9a1bcd6faef4f64b7112e8862ea4606cbee1c2e2202b71d777327d8 error=<nil>
time=2024-01-24T13:55:50.937-03:00 level=INFO msg=List api=signer type=request metadata="{\"remote\":\"NA\",\"local\":\"NA\",\"scheme\":\"ipc\",\"User-Agent\":\"\",\"Origin\":\"\"}"
time=2024-01-24T13:55:52.817-03:00 level=INFO msg=List api=signer type=response data=[0x65BbACef21EC52B240538497441B9DfF24BF839a]
time=2024-01-24T13:55:52.818-03:00 level=INFO msg=SignTransaction api=signer type=request metadata="{\"remote\":\"NA\",\"local\":\"NA\",\"scheme\":\"ipc\",\"User-Agent\":\"\",\"Origin\":\"\"}" tx="{\"from\":\"0x65BbACef21EC52B240538497441B9DfF24BF839a\",\"to\":\"0x2854fA282364A80f979b2024259AEB16b9e9348C\",\"gas\":\"0x5208\",\"gasPrice\":\"0x3b9aca00\",\"maxFeePerGas\":null,\"maxPriorityFeePerGas\":null,\"value\":\"0x2710\",\"nonce\":\"0x7\",\"data\":\"0x\",\"chainId\":\"0x1d9d0d8\"}" methodSelector=<nil>
time=2024-01-24T13:55:56.399-03:00 level=INFO msg=SignTransaction api=signer type=response data=f86907843b9aca00825208942854fa282364a80f979b2024259aeb16b9e9348c822710808403b3a1d3a0a4ce72544ad5175fab78c1e4c233929078ef21144a8471f1be67b7ed9a3228ada077f80d2298497a47f241b88cbdf850d69a00081cabb7587417fed32b2d9d0e7d error=<nil>
time=2024-01-24T13:56:08.066-03:00 level=INFO msg=List api=signer type=request metadata="{\"remote\":\"NA\",\"local\":\"NA\",\"scheme\":\"ipc\",\"User-Agent\":\"\",\"Origin\":\"\"}"
time=2024-01-24T13:56:09.833-03:00 level=INFO msg=List api=signer type=response data=[0x65BbACef21EC52B240538497441B9DfF24BF839a]
time=2024-01-24T13:56:09.834-03:00 level=INFO msg=SignTransaction api=signer type=request metadata="{\"remote\":\"NA\",\"local\":\"NA\",\"scheme\":\"ipc\",\"User-Agent\":\"\",\"Origin\":\"\"}" tx="{\"from\":\"0x65BbACef21EC52B240538497441B9DfF24BF839a\",\"to\":\"0x2854fA282364A80f979b2024259AEB16b9e9348C\",\"gas\":\"0x5208\",\"gasPrice\":\"0x3b9aca00\",\"maxFeePerGas\":null,\"maxPriorityFeePerGas\":null,\"value\":\"0x2710\",\"nonce\":\"0x8\",\"data\":\"0x\",\"chainId\":\"0x1d9d0d8\"}" methodSelector=<nil>
time=2024-01-24T13:56:12.043-03:00 level=INFO msg=SignTransaction api=signer type=response data=f86908843b9aca00825208942854fa282364a80f979b2024259aeb16b9e9348c822710808403b3a1d3a026b134f6676dc9959988538cd451254a9892310f80a6d19673e87f8882c5ddeea02ad542cc97045564d70427621aa295e34ab00077a3426bc3871217100cd511ca error=<nil>
time=2024-01-24T13:56:19.714-03:00 level=INFO msg=List api=signer type=request metadata="{\"remote\":\"NA\",\"local\":\"NA\",\"scheme\":\"ipc\",\"User-Agent\":\"\",\"Origin\":\"\"}"
time=2024-01-24T13:56:23.113-03:00 level=INFO msg=List api=signer type=response data=[0x65BbACef21EC52B240538497441B9DfF24BF839a]
time=2024-01-24T13:56:23.114-03:00 level=INFO msg=SignTransaction api=signer type=request metadata="{\"remote\":\"NA\",\"local\":\"NA\",\"scheme\":\"ipc\",\"User-Agent\":\"\",\"Origin\":\"\"}" tx="{\"from\":\"0x65BbACef21EC52B240538497441B9DfF24BF839a\",\"to\":\"0x2854fA282364A80f979b2024259AEB16b9e9348C\",\"gas\":\"0x5208\",\"gasPrice\":\"0x3b9aca00\",\"maxFeePerGas\":null,\"maxPriorityFeePerGas\":null,\"value\":\"0x2710\",\"nonce\":\"0x9\",\"data\":\"0x\",\"chainId\":\"0x1d9d0d8\"}" methodSelector=<nil>
time=2024-01-24T13:56:25.557-03:00 level=INFO msg=SignTransaction api=signer type=response data=f86909843b9aca00825208942854fa282364a80f979b2024259aeb16b9e9348c822710808403b3a1d3a0c4189ef3e14f33293362ba900f90e00069de629fd55267c49efa563288f044d4a017c6c145add51a81129c280bc8514b21a044011c9b7614ded43b8dc438ad07c2 error=<nil>
