t=2023-11-29T11:23:28-0300 lvl=info msg=Configured api=signer "audit log"=audit.log
t=2023-11-29T11:26:50-0300 lvl=info msg=Version    api=signer type=request metadata="{\"remote\":\"NA\",\"local\":\"NA\",\"scheme\":\"ipc\",\"User-Agent\":\"\",\"Origin\":\"\"}"
t=2023-11-29T11:26:50-0300 lvl=info msg=Version    api=signer type=response data=6.1.0 error=nil
t=2023-11-29T11:28:52-0300 lvl=info msg=List       api=signer type=request  metadata="{\"remote\":\"NA\",\"local\":\"NA\",\"scheme\":\"ipc\",\"User-Agent\":\"\",\"Origin\":\"\"}"
t=2023-11-29T11:28:52-0300 lvl=info msg=List       api=signer type=response data=[]
t=2023-11-29T11:29:32-0300 lvl=info msg=List       api=signer type=request  metadata="{\"remote\":\"NA\",\"local\":\"NA\",\"scheme\":\"ipc\",\"User-Agent\":\"\",\"Origin\":\"\"}"
t=2023-11-29T11:29:32-0300 lvl=info msg=List       api=signer type=response data=[0x65BbACef21EC52B240538497441B9DfF24BF839a]
t=2023-11-29T11:29:32-0300 lvl=info msg=SignTransaction api=signer type=request  metadata="{\"remote\":\"NA\",\"local\":\"NA\",\"scheme\":\"ipc\",\"User-Agent\":\"\",\"Origin\":\"\"}" tx="{\"from\":\"0x65BbACef21EC52B240538497441B9DfF24BF839a\",\"to\":\"0x2854fA282364A80f979b2024259AEB16b9e9348C\",\"gas\":\"0x5208\",\"gasPrice\":\"0x3b9aca00\",\"maxFeePerGas\":null,\"maxPriorityFeePerGas\":null,\"value\":\"0x2710\",\"nonce\":\"0x1\",\"data\":\"0x\",\"chainId\":\"0x1d9d0d8\"}" methodSelector=<nil>
t=2023-11-29T11:29:42-0300 lvl=info msg=SignTransaction api=signer type=response data=f86901843b9aca00825208942854fa282364a80f979b2024259aeb16b9e9348c822710808403b3a1d4a01fe9f1c7ee05a43baf40237fc5b0af2ba9daf5a4fd06a3f8323ffe557c0db898a02c16ef3eaff78a3572bbc0126a9e2d3b397a4615ad1b076c60119f5b726eb5fd error=nil
time=2024-01-24T12:39:00.812-03:00 level=INFO msg=Configured api=signer "audit log"=audit.log
time=2024-01-24T12:55:41.174-03:00 level=INFO msg=Configured api=signer "audit log"=audit.log
time=2024-01-24T12:57:56.952-03:00 level=INFO msg=Configured api=signer "audit log"=audit.log
time=2024-01-24T12:59:23.574-03:00 level=INFO msg=Configured api=signer "audit log"=audit.log
time=2024-01-24T13:11:43.317-03:00 level=INFO msg=Configured api=signer "audit log"=audit.log
time=2024-01-24T13:17:36.528-03:00 level=INFO msg=Configured api=signer "audit log"=audit.log
time=2024-01-24T13:18:38.470-03:00 level=INFO msg=Configured api=signer "audit log"=audit.log
time=2024-01-24T13:23:01.882-03:00 level=INFO msg=Configured api=signer "audit log"=audit.log
time=2024-01-24T13:24:11.036-03:00 level=INFO msg=Version api=signer type=request metadata="{\"remote\":\"NA\",\"local\":\"NA\",\"scheme\":\"ipc\",\"User-Agent\":\"\",\"Origin\":\"\"}"
time=2024-01-24T13:24:11.036-03:00 level=INFO msg=Version api=signer type=response data=6.1.0 error=<nil>
time=2024-01-24T13:24:46.560-03:00 level=INFO msg=List api=signer type=request metadata="{\"remote\":\"NA\",\"local\":\"NA\",\"scheme\":\"ipc\",\"User-Agent\":\"\",\"Origin\":\"\"}"
time=2024-01-24T13:24:52.880-03:00 level=INFO msg=List api=signer type=response data=[0x65BbACef21EC52B240538497441B9DfF24BF839a]
time=2024-01-24T13:24:52.882-03:00 level=INFO msg=SignTransaction api=signer type=request metadata="{\"remote\":\"NA\",\"local\":\"NA\",\"scheme\":\"ipc\",\"User-Agent\":\"\",\"Origin\":\"\"}" tx="{\"from\":\"0x65BbACef21EC52B240538497441B9DfF24BF839a\",\"to\":\"0x2854fA282364A80f979b2024259AEB16b9e9348C\",\"gas\":\"0x5208\",\"gasPrice\":\"0x3b9aca00\",\"maxFeePerGas\":null,\"maxPriorityFeePerGas\":null,\"value\":\"0x2710\",\"nonce\":\"0x3\",\"data\":\"0x\",\"chainId\":\"0x1d9d0d8\"}" methodSelector=<nil>
time=2024-01-24T13:24:52.882-03:00 level=INFO msg=SignTransaction api=signer type=response data=<nil> error="requested chainid 31051992 does not match the configuration of the signer"
time=2024-01-24T13:25:05.561-03:00 level=INFO msg=List api=signer type=request metadata="{\"remote\":\"NA\",\"local\":\"NA\",\"scheme\":\"ipc\",\"User-Agent\":\"\",\"Origin\":\"\"}"
time=2024-01-24T13:25:08.208-03:00 level=INFO msg=List api=signer type=response data=[0x65BbACef21EC52B240538497441B9DfF24BF839a]
time=2024-01-24T13:25:08.210-03:00 level=INFO msg=SignTransaction api=signer type=request metadata="{\"remote\":\"NA\",\"local\":\"NA\",\"scheme\":\"ipc\",\"User-Agent\":\"\",\"Origin\":\"\"}" tx="{\"from\":\"0x65BbACef21EC52B240538497441B9DfF24BF839a\",\"to\":\"0x2854fA282364A80f979b2024259AEB16b9e9348C\",\"gas\":\"0x5208\",\"gasPrice\":\"0x3b9aca00\",\"maxFeePerGas\":null,\"maxPriorityFeePerGas\":null,\"value\":\"0x2710\",\"nonce\":\"0x3\",\"data\":\"0x\",\"chainId\":\"0x1d9d0d8\"}" methodSelector=<nil>
time=2024-01-24T13:25:08.210-03:00 level=INFO msg=SignTransaction api=signer type=response data=<nil> error="requested chainid 31051992 does not match the configuration of the signer"
time=2024-01-24T13:25:17.737-03:00 level=INFO msg=List api=signer type=request metadata="{\"remote\":\"NA\",\"local\":\"NA\",\"scheme\":\"ipc\",\"User-Agent\":\"\",\"Origin\":\"\"}"
time=2024-01-24T13:25:20.993-03:00 level=INFO msg=List api=signer type=response data=[0x65BbACef21EC52B240538497441B9DfF24BF839a]
time=2024-01-24T13:25:20.994-03:00 level=INFO msg=SignTransaction api=signer type=request metadata="{\"remote\":\"NA\",\"local\":\"NA\",\"scheme\":\"ipc\",\"User-Agent\":\"\",\"Origin\":\"\"}" tx="{\"from\":\"0x65BbACef21EC52B240538497441B9DfF24BF839a\",\"to\":\"0x2854fA282364A80f979b2024259AEB16b9e9348C\",\"gas\":\"0x5208\",\"gasPrice\":\"0x3b9aca00\",\"maxFeePerGas\":null,\"maxPriorityFeePerGas\":null,\"value\":\"0x2710\",\"nonce\":\"0x3\",\"data\":\"0x\",\"chainId\":\"0x1d9d0d8\"}" methodSelector=<nil>
time=2024-01-24T13:25:20.994-03:00 level=INFO msg=SignTransaction api=signer type=response data=<nil> error="requested chainid 31051992 does not match the configuration of the signer"
time=2024-01-24T13:32:11.066-03:00 level=INFO msg=Configured api=signer "audit log"=audit.log
time=2024-01-24T13:32:26.272-03:00 level=INFO msg=Configured api=signer "audit log"=audit.log
time=2024-01-24T13:33:13.806-03:00 level=INFO msg=Version api=signer type=request metadata="{\"remote\":\"NA\",\"local\":\"NA\",\"scheme\":\"ipc\",\"User-Agent\":\"\",\"Origin\":\"\"}"
time=2024-01-24T13:33:13.806-03:00 level=INFO msg=Version api=signer type=response data=6.1.0 error=<nil>
time=2024-01-24T13:34:05.035-03:00 level=INFO msg=List api=signer type=request metadata="{\"remote\":\"NA\",\"local\":\"NA\",\"scheme\":\"ipc\",\"User-Agent\":\"\",\"Origin\":\"\"}"
time=2024-01-24T13:34:08.202-03:00 level=INFO msg=List api=signer type=response data=[]
time=2024-01-24T13:34:13.083-03:00 level=INFO msg=List api=signer type=request metadata="{\"remote\":\"NA\",\"local\":\"NA\",\"scheme\":\"ipc\",\"User-Agent\":\"\",\"Origin\":\"\"}"
time=2024-01-24T13:34:15.467-03:00 level=INFO msg=List api=signer type=response data=[0x65BbACef21EC52B240538497441B9DfF24BF839a]
time=2024-01-24T13:34:15.469-03:00 level=INFO msg=SignTransaction api=signer type=request metadata="{\"remote\":\"NA\",\"local\":\"NA\",\"scheme\":\"ipc\",\"User-Agent\":\"\",\"Origin\":\"\"}" tx="{\"from\":\"0x65BbACef21EC52B240538497441B9DfF24BF839a\",\"to\":\"0x2854fA282364A80f979b2024259AEB16b9e9348C\",\"gas\":\"0x5208\",\"gasPrice\":\"0x3b9aca00\",\"maxFeePerGas\":null,\"maxPriorityFeePerGas\":null,\"value\":\"0x2710\",\"nonce\":\"0x3\",\"data\":\"0x\",\"chainId\":\"0x1d9d0d8\"}" methodSelector=<nil>
time=2024-01-24T13:34:22.761-03:00 level=INFO msg=SignTransaction api=signer type=response data=f86903843b9aca00825208942854fa282364a80f979b2024259aeb16b9e9348c822710808403b3a1d4a004f595f8faaa953de84d61fffad5d68ee9873dfa67fe92c11a02404e7aa630cca03427b246e55f91f6d8c46f084f49d3b5007aff83d7d88b9a666263973b3b03d0 error=<nil>
time=2024-01-24T13:34:37.468-03:00 level=INFO msg=List api=signer type=request metadata="{\"remote\":\"NA\",\"local\":\"NA\",\"scheme\":\"ipc\",\"User-Agent\":\"\",\"Origin\":\"\"}"
time=2024-01-24T13:34:40.227-03:00 level=INFO msg=List api=signer type=response data=[0x65BbACef21EC52B240538497441B9DfF24BF839a]
time=2024-01-24T13:34:40.228-03:00 level=INFO msg=SignTransaction api=signer type=request metadata="{\"remote\":\"NA\",\"local\":\"NA\",\"scheme\":\"ipc\",\"User-Agent\":\"\",\"Origin\":\"\"}" tx="{\"from\":\"0x65BbACef21EC52B240538497441B9DfF24BF839a\",\"to\":\"0x2854fA282364A80f979b2024259AEB16b9e9348C\",\"gas\":\"0x5208\",\"gasPrice\":\"0x3b9aca00\",\"maxFeePerGas\":null,\"maxPriorityFeePerGas\":null,\"value\":\"0x2710\",\"nonce\":\"0x4\",\"data\":\"0x\",\"chainId\":\"0x1d9d0d8\"}" methodSelector=<nil>
time=2024-01-24T13:35:19.530-03:00 level=INFO msg=Configured api=signer "audit log"=audit.log
time=2024-01-24T13:35:30.401-03:00 level=INFO msg=Version api=signer type=request metadata="{\"remote\":\"NA\",\"local\":\"NA\",\"scheme\":\"ipc\",\"User-Agent\":\"\",\"Origin\":\"\"}"
time=2024-01-24T13:35:30.401-03:00 level=INFO msg=Version api=signer type=response data=6.1.0 error=<nil>
time=2024-01-24T13:35:44.757-03:00 level=INFO msg=List api=signer type=request metadata="{\"remote\":\"NA\",\"local\":\"NA\",\"scheme\":\"ipc\",\"User-Agent\":\"\",\"Origin\":\"\"}"
time=2024-01-24T13:35:53.925-03:00 level=INFO msg=List api=signer type=response data=[0x65BbACef21EC52B240538497441B9DfF24BF839a]
time=2024-01-24T13:35:53.926-03:00 level=INFO msg=SignTransaction api=signer type=request metadata="{\"remote\":\"NA\",\"local\":\"NA\",\"scheme\":\"ipc\",\"User-Agent\":\"\",\"Origin\":\"\"}" tx="{\"from\":\"0x65BbACef21EC52B240538497441B9DfF24BF839a\",\"to\":\"0x2854fA282364A80f979b2024259AEB16b9e9348C\",\"gas\":\"0x5208\",\"gasPrice\":\"0x3b9aca00\",\"maxFeePerGas\":null,\"maxPriorityFeePerGas\":null,\"value\":\"0x2710\",\"nonce\":\"0x4\",\"data\":\"0x\",\"chainId\":\"0x1d9d0d8\"}" methodSelector=<nil>
time=2024-01-24T13:37:04.599-03:00 level=INFO msg=Configured api=signer "audit log"=audit.log
time=2024-01-24T13:37:13.673-03:00 level=INFO msg=Version api=signer type=request metadata="{\"remote\":\"NA\",\"local\":\"NA\",\"scheme\":\"ipc\",\"User-Agent\":\"\",\"Origin\":\"\"}"
time=2024-01-24T13:37:13.673-03:00 level=INFO msg=Version api=signer type=response data=6.1.0 error=<nil>
time=2024-01-24T13:38:00.255-03:00 level=INFO msg=List api=signer type=request metadata="{\"remote\":\"NA\",\"local\":\"NA\",\"scheme\":\"ipc\",\"User-Agent\":\"\",\"Origin\":\"\"}"
time=2024-01-24T13:38:10.111-03:00 level=INFO msg=List api=signer type=response data=[0x65BbACef21EC52B240538497441B9DfF24BF839a]
time=2024-01-24T13:38:10.113-03:00 level=INFO msg=SignTransaction api=signer type=request metadata="{\"remote\":\"NA\",\"local\":\"NA\",\"scheme\":\"ipc\",\"User-Agent\":\"\",\"Origin\":\"\"}" tx="{\"from\":\"0x65BbACef21EC52B240538497441B9DfF24BF839a\",\"to\":\"0x2854fA282364A80f979b2024259AEB16b9e9348C\",\"gas\":\"0x5208\",\"gasPrice\":\"0x3b9aca00\",\"maxFeePerGas\":null,\"maxPriorityFeePerGas\":null,\"value\":\"0x2710\",\"nonce\":\"0x4\",\"data\":\"0x\",\"chainId\":\"0x1d9d0d8\"}" methodSelector=<nil>
time=2024-01-24T13:40:39.192-03:00 level=INFO msg=Configured api=signer "audit log"=audit.log
time=2024-01-24T13:40:43.210-03:00 level=INFO msg=List api=signer type=request metadata="{\"remote\":\"NA\",\"local\":\"NA\",\"scheme\":\"ipc\",\"User-Agent\":\"\",\"Origin\":\"\"}"
time=2024-01-24T13:40:45.946-03:00 level=INFO msg=List api=signer type=response data=[0x65BbACef21EC52B240538497441B9DfF24BF839a]
time=2024-01-24T13:40:45.947-03:00 level=INFO msg=SignTransaction api=signer type=request metadata="{\"remote\":\"NA\",\"local\":\"NA\",\"scheme\":\"ipc\",\"User-Agent\":\"\",\"Origin\":\"\"}" tx="{\"from\":\"0x65BbACef21EC52B240538497441B9DfF24BF839a\",\"to\":\"0x2854fA282364A80f979b2024259AEB16b9e9348C\",\"gas\":\"0x5208\",\"gasPrice\":\"0x3b9aca00\",\"maxFeePerGas\":null,\"maxPriorityFeePerGas\":null,\"value\":\"0x2710\",\"nonce\":\"0x4\",\"data\":\"0x\",\"chainId\":\"0x1d9d0d8\"}" methodSelector=<nil>
time=2024-01-24T13:40:47.884-03:00 level=INFO msg=SignTransaction api=signer type=response data=<nil> error="could not decrypt key with given password"
time=2024-01-24T13:42:07.692-03:00 level=INFO msg=List api=signer type=request metadata="{\"remote\":\"NA\",\"local\":\"NA\",\"scheme\":\"ipc\",\"User-Agent\":\"\",\"Origin\":\"\"}"
time=2024-01-24T13:42:09.931-03:00 level=INFO msg=List api=signer type=response data=[0x65BbACef21EC52B240538497441B9DfF24BF839a]
time=2024-01-24T13:42:09.932-03:00 level=INFO msg=SignTransaction api=signer type=request metadata="{\"remote\":\"NA\",\"local\":\"NA\",\"scheme\":\"ipc\",\"User-Agent\":\"\",\"Origin\":\"\"}" tx="{\"from\":\"0x65BbACef21EC52B240538497441B9DfF24BF839a\",\"to\":\"0x2854fA282364A80f979b2024259AEB16b9e9348C\",\"gas\":\"0x5208\",\"gasPrice\":\"0x3b9aca00\",\"maxFeePerGas\":null,\"maxPriorityFeePerGas\":null,\"value\":\"0x2710\",\"nonce\":\"0x4\",\"data\":\"0x\",\"chainId\":\"0x1d9d0d8\"}" methodSelector=<nil>
time=2024-01-24T13:43:20.269-03:00 level=INFO msg=Configured api=signer "audit log"=audit.log
time=2024-01-24T13:43:47.326-03:00 level=INFO msg=List api=signer type=request metadata="{\"remote\":\"NA\",\"local\":\"NA\",\"scheme\":\"ipc\",\"User-Agent\":\"\",\"Origin\":\"\"}"
time=2024-01-24T13:43:51.981-03:00 level=INFO msg=List api=signer type=response data=[0x65BbACef21EC52B240538497441B9DfF24BF839a]
time=2024-01-24T13:43:51.982-03:00 level=INFO msg=SignTransaction api=signer type=request metadata="{\"remote\":\"NA\",\"local\":\"NA\",\"scheme\":\"ipc\",\"User-Agent\":\"\",\"Origin\":\"\"}" tx="{\"from\":\"0x65BbACef21EC52B240538497441B9DfF24BF839a\",\"to\":\"0x2854fA282364A80f979b2024259AEB16b9e9348C\",\"gas\":\"0x5208\",\"gasPrice\":\"0x3b9aca00\",\"maxFeePerGas\":null,\"maxPriorityFeePerGas\":null,\"value\":\"0x2710\",\"nonce\":\"0x4\",\"data\":\"0x\",\"chainId\":\"0x1d9d0d8\"}" methodSelector=<nil>
time=2024-01-24T13:43:54.717-03:00 level=INFO msg=SignTransaction api=signer type=response data=f86904843b9aca00825208942854fa282364a80f979b2024259aeb16b9e9348c822710808403b3a1d4a0e391b59ac12038239fadf2e58a08c55d59eac0909285a5ba74702d89f5c4e419a03c04eda170d38528a9e85d51a84a5853db8b7b7c79e0701088da26ad862be494 error=<nil>
time=2024-01-24T13:44:27.702-03:00 level=INFO msg=List api=signer type=request metadata="{\"remote\":\"NA\",\"local\":\"NA\",\"scheme\":\"ipc\",\"User-Agent\":\"\",\"Origin\":\"\"}"
time=2024-01-24T13:44:30.398-03:00 level=INFO msg=List api=signer type=response data=[0x65BbACef21EC52B240538497441B9DfF24BF839a]
time=2024-01-24T13:44:30.399-03:00 level=INFO msg=SignTransaction api=signer type=request metadata="{\"remote\":\"NA\",\"local\":\"NA\",\"scheme\":\"ipc\",\"User-Agent\":\"\",\"Origin\":\"\"}" tx="{\"from\":\"0x65BbACef21EC52B240538497441B9DfF24BF839a\",\"to\":\"0x2854fA282364A80f979b2024259AEB16b9e9348C\",\"gas\":\"0x5208\",\"gasPrice\":\"0x3b9aca00\",\"maxFeePerGas\":null,\"maxPriorityFeePerGas\":null,\"value\":\"0x2710\",\"nonce\":\"0x5\",\"data\":\"0x\",\"chainId\":\"0x1d9d0d8\"}" methodSelector=<nil>
time=2024-01-24T13:44:33.354-03:00 level=INFO msg=SignTransaction api=signer type=response data=f86905843b9aca00825208942854fa282364a80f979b2024259aeb16b9e9348c822710808403b3a1d4a0a92123e2b798bdf5eb2877f7f58b11aaad6139d65429acaf4609272ba3bd65f8a0275197101937c00965fc4ea566327690eb910af0290326b7af60ed4bf2505298 error=<nil>
time=2024-01-24T13:45:17.407-03:00 level=INFO msg=List api=signer type=request metadata="{\"remote\":\"NA\",\"local\":\"NA\",\"scheme\":\"ipc\",\"User-Agent\":\"\",\"Origin\":\"\"}"
time=2024-01-24T13:45:19.614-03:00 level=INFO msg=List api=signer type=response data=[0x65BbACef21EC52B240538497441B9DfF24BF839a]
time=2024-01-24T13:45:19.616-03:00 level=INFO msg=SignTransaction api=signer type=request metadata="{\"remote\":\"NA\",\"local\":\"NA\",\"scheme\":\"ipc\",\"User-Agent\":\"\",\"Origin\":\"\"}" tx="{\"from\":\"0x65BbACef21EC52B240538497441B9DfF24BF839a\",\"to\":\"0x2854fA282364A80f979b2024259AEB16b9e9348C\",\"gas\":\"0x5208\",\"gasPrice\":\"0x3b9aca00\",\"maxFeePerGas\":null,\"maxPriorityFeePerGas\":null,\"value\":\"0x2710\",\"nonce\":\"0x6\",\"data\":\"0x\",\"chainId\":\"0x1d9d0d8\"}" methodSelector=<nil>
time=2024-01-24T13:45:22.088-03:00 level=INFO msg=SignTransaction api=signer type=response data=f86906843b9aca00825208942854fa282364a80f979b2024259aeb16b9e9348c822710808403b3a1d3a0b274533e80571d698338a363c1eeabc996facb6a3fb2b1b97f5fa6148522595ca00a22df84a9a1bcd6faef4f64b7112e8862ea4606cbee1c2e2202b71d777327d8 error=<nil>
time=2024-01-24T13:55:50.937-03:00 level=INFO msg=List api=signer type=request metadata="{\"remote\":\"NA\",\"local\":\"NA\",\"scheme\":\"ipc\",\"User-Agent\":\"\",\"Origin\":\"\"}"
time=2024-01-24T13:55:52.817-03:00 level=INFO msg=List api=signer type=response data=[0x65BbACef21EC52B240538497441B9DfF24BF839a]
time=2024-01-24T13:55:52.818-03:00 level=INFO msg=SignTransaction api=signer type=request metadata="{\"remote\":\"NA\",\"local\":\"NA\",\"scheme\":\"ipc\",\"User-Agent\":\"\",\"Origin\":\"\"}" tx="{\"from\":\"0x65BbACef21EC52B240538497441B9DfF24BF839a\",\"to\":\"0x2854fA282364A80f979b2024259AEB16b9e9348C\",\"gas\":\"0x5208\",\"gasPrice\":\"0x3b9aca00\",\"maxFeePerGas\":null,\"maxPriorityFeePerGas\":null,\"value\":\"0x2710\",\"nonce\":\"0x7\",\"data\":\"0x\",\"chainId\":\"0x1d9d0d8\"}" methodSelector=<nil>
time=2024-01-24T13:55:56.399-03:00 level=INFO msg=SignTransaction api=signer type=response data=f86907843b9aca00825208942854fa282364a80f979b2024259aeb16b9e9348c822710808403b3a1d3a0a4ce72544ad5175fab78c1e4c233929078ef21144a8471f1be67b7ed9a3228ada077f80d2298497a47f241b88cbdf850d69a00081cabb7587417fed32b2d9d0e7d error=<nil>
time=2024-01-24T13:56:08.066-03:00 level=INFO msg=List api=signer type=request metadata="{\"remote\":\"NA\",\"local\":\"NA\",\"scheme\":\"ipc\",\"User-Agent\":\"\",\"Origin\":\"\"}"
time=2024-01-24T13:56:09.833-03:00 level=INFO msg=List api=signer type=response data=[0x65BbACef21EC52B240538497441B9DfF24BF839a]
time=2024-01-24T13:56:09.834-03:00 level=INFO msg=SignTransaction api=signer type=request metadata="{\"remote\":\"NA\",\"local\":\"NA\",\"scheme\":\"ipc\",\"User-Agent\":\"\",\"Origin\":\"\"}" tx="{\"from\":\"0x65BbACef21EC52B240538497441B9DfF24BF839a\",\"to\":\"0x2854fA282364A80f979b2024259AEB16b9e9348C\",\"gas\":\"0x5208\",\"gasPrice\":\"0x3b9aca00\",\"maxFeePerGas\":null,\"maxPriorityFeePerGas\":null,\"value\":\"0x2710\",\"nonce\":\"0x8\",\"data\":\"0x\",\"chainId\":\"0x1d9d0d8\"}" methodSelector=<nil>
time=2024-01-24T13:56:12.043-03:00 level=INFO msg=SignTransaction api=signer type=response data=f86908843b9aca00825208942854fa282364a80f979b2024259aeb16b9e9348c822710808403b3a1d3a026b134f6676dc9959988538cd451254a9892310f80a6d19673e87f8882c5ddeea02ad542cc97045564d70427621aa295e34ab00077a3426bc3871217100cd511ca error=<nil>
time=2024-01-24T13:56:19.714-03:00 level=INFO msg=List api=signer type=request metadata="{\"remote\":\"NA\",\"local\":\"NA\",\"scheme\":\"ipc\",\"User-Agent\":\"\",\"Origin\":\"\"}"
time=2024-01-24T13:56:23.113-03:00 level=INFO msg=List api=signer type=response data=[0x65BbACef21EC52B240538497441B9DfF24BF839a]
time=2024-01-24T13:56:23.114-03:00 level=INFO msg=SignTransaction api=signer type=request metadata="{\"remote\":\"NA\",\"local\":\"NA\",\"scheme\":\"ipc\",\"User-Agent\":\"\",\"Origin\":\"\"}" tx="{\"from\":\"0x65BbACef21EC52B240538497441B9DfF24BF839a\",\"to\":\"0x2854fA282364A80f979b2024259AEB16b9e9348C\",\"gas\":\"0x5208\",\"gasPrice\":\"0x3b9aca00\",\"maxFeePerGas\":null,\"maxPriorityFeePerGas\":null,\"value\":\"0x2710\",\"nonce\":\"0x9\",\"data\":\"0x\",\"chainId\":\"0x1d9d0d8\"}" methodSelector=<nil>
time=2024-01-24T13:56:25.557-03:00 level=INFO msg=SignTransaction api=signer type=response data=f86909843b9aca00825208942854fa282364a80f979b2024259aeb16b9e9348c822710808403b3a1d3a0c4189ef3e14f33293362ba900f90e00069de629fd55267c49efa563288f044d4a017c6c145add51a81129c280bc8514b21a044011c9b7614ded43b8dc438ad07c2 error=<nil>
time=2024-01-25T10:12:58.665-03:00 level=INFO msg=Configured api=signer "audit log"=audit.log
time=2024-01-25T10:13:31.523-03:00 level=INFO msg=Version api=signer type=request metadata="{\"remote\":\"NA\",\"local\":\"NA\",\"scheme\":\"ipc\",\"User-Agent\":\"\",\"Origin\":\"\"}"
time=2024-01-25T10:13:31.523-03:00 level=INFO msg=Version api=signer type=response data=6.1.0 error=<nil>
time=2024-01-25T10:15:06.190-03:00 level=INFO msg=List api=signer type=request metadata="{\"remote\":\"NA\",\"local\":\"NA\",\"scheme\":\"ipc\",\"User-Agent\":\"\",\"Origin\":\"\"}"
time=2024-01-25T10:15:11.190-03:00 level=INFO msg=List api=signer type=response data=[0x65BbACef21EC52B240538497441B9DfF24BF839a]
time=2024-01-25T10:15:11.196-03:00 level=INFO msg=SignTransaction api=signer type=request metadata="{\"remote\":\"NA\",\"local\":\"NA\",\"scheme\":\"ipc\",\"User-Agent\":\"\",\"Origin\":\"\"}" tx="{\"from\":\"0x65BbACef21EC52B240538497441B9DfF24BF839a\",\"to\":\"0x2854fA282364A80f979b2024259AEB16b9e9348C\",\"gas\":\"0x5208\",\"gasPrice\":\"0x3b9aca00\",\"maxFeePerGas\":null,\"maxPriorityFeePerGas\":null,\"value\":\"0x2710\",\"nonce\":\"0xa\",\"data\":\"0x\",\"chainId\":\"0x1d9d0d8\"}" methodSelector=<nil>
time=2024-01-25T10:15:43.332-03:00 level=INFO msg=SignTransaction api=signer type=response data=f8690a843b9aca00825208942854fa282364a80f979b2024259aeb16b9e9348c822710808403b3a1d3a08b906b5db7d8aaf08bb5f0fbe143b720054d7e5e69b6c96f6e9c9d9e34f11c62a01865b08373e25eca322910551b3ce2d680038bc697c00e03f2d33ca40446c438 error=<nil>
time=2024-01-25T10:17:55.432-03:00 level=INFO msg=List api=signer type=request metadata="{\"remote\":\"NA\",\"local\":\"NA\",\"scheme\":\"ipc\",\"User-Agent\":\"\",\"Origin\":\"\"}"
time=2024-01-25T10:17:59.415-03:00 level=INFO msg=List api=signer type=response data=[0x65BbACef21EC52B240538497441B9DfF24BF839a]
time=2024-01-25T10:17:59.419-03:00 level=INFO msg=SignTransaction api=signer type=request metadata="{\"remote\":\"NA\",\"local\":\"NA\",\"scheme\":\"ipc\",\"User-Agent\":\"\",\"Origin\":\"\"}" tx="{\"from\":\"0x65BbACef21EC52B240538497441B9DfF24BF839a\",\"to\":\"0x2854fA282364A80f979b2024259AEB16b9e9348C\",\"gas\":\"0x5208\",\"gasPrice\":\"0x3b9aca00\",\"maxFeePerGas\":null,\"maxPriorityFeePerGas\":null,\"value\":\"0x2710\",\"nonce\":\"0xb\",\"data\":\"0x\",\"chainId\":\"0x1d9d0d8\"}" methodSelector=<nil>
time=2024-01-25T10:18:06.118-03:00 level=INFO msg=SignTransaction api=signer type=response data=f8690b843b9aca00825208942854fa282364a80f979b2024259aeb16b9e9348c822710808403b3a1d3a0955b079826773ce2ecf40af8b0c5785c94f521ffede1747dc0a90b88c2f339eda03459f75f5d06b02a8f02209dbaa067db42256ff633c5b0e09b21745026a1c165 error=<nil>
time=2024-01-25T10:18:20.058-03:00 level=INFO msg=List api=signer type=request metadata="{\"remote\":\"NA\",\"local\":\"NA\",\"scheme\":\"ipc\",\"User-Agent\":\"\",\"Origin\":\"\"}"
time=2024-01-25T10:18:21.991-03:00 level=INFO msg=List api=signer type=response data=[0x65BbACef21EC52B240538497441B9DfF24BF839a]
time=2024-01-25T10:18:21.995-03:00 level=INFO msg=SignTransaction api=signer type=request metadata="{\"remote\":\"NA\",\"local\":\"NA\",\"scheme\":\"ipc\",\"User-Agent\":\"\",\"Origin\":\"\"}" tx="{\"from\":\"0x65BbACef21EC52B240538497441B9DfF24BF839a\",\"to\":\"0x2854fA282364A80f979b2024259AEB16b9e9348C\",\"gas\":\"0x5208\",\"gasPrice\":\"0x3b9aca00\",\"maxFeePerGas\":null,\"maxPriorityFeePerGas\":null,\"value\":\"0x2710\",\"nonce\":\"0xc\",\"data\":\"0x\",\"chainId\":\"0x1d9d0d8\"}" methodSelector=<nil>
time=2024-01-25T10:18:24.563-03:00 level=INFO msg=SignTransaction api=signer type=response data=f8690c843b9aca00825208942854fa282364a80f979b2024259aeb16b9e9348c822710808403b3a1d4a0ac8b8b5ae13fa2d8f323ce4c054763b44e95c4f00ab77dfc6a6725e05c285f36a01d0054765b3dbf03dcea3c737f74030886de00d5ccd0d5506dccabe41fb339cf error=<nil>
time=2024-01-25T12:19:17.325-03:00 level=INFO msg=Configured api=signer "audit log"=audit.log
time=2024-01-25T12:47:25.228-03:00 level=INFO msg=Configured api=signer "audit log"=audit.log
time=2024-01-25T13:32:40.389-03:00 level=INFO msg=Configured api=signer "audit log"=audit.log
time=2024-01-25T13:34:59.168-03:00 level=INFO msg=Version api=signer type=request metadata="{\"remote\":\"NA\",\"local\":\"NA\",\"scheme\":\"ipc\",\"User-Agent\":\"\",\"Origin\":\"\"}"
time=2024-01-25T13:34:59.168-03:00 level=INFO msg=Version api=signer type=response data=6.1.0 error=<nil>
time=2024-01-25T13:35:13.573-03:00 level=INFO msg=List api=signer type=request metadata="{\"remote\":\"NA\",\"local\":\"NA\",\"scheme\":\"ipc\",\"User-Agent\":\"\",\"Origin\":\"\"}"
time=2024-01-25T13:35:17.205-03:00 level=INFO msg=List api=signer type=response data=[0x65BbACef21EC52B240538497441B9DfF24BF839a]
time=2024-01-25T13:35:17.206-03:00 level=INFO msg=SignTransaction api=signer type=request metadata="{\"remote\":\"NA\",\"local\":\"NA\",\"scheme\":\"ipc\",\"User-Agent\":\"\",\"Origin\":\"\"}" tx="{\"from\":\"0x65BbACef21EC52B240538497441B9DfF24BF839a\",\"to\":\"0x2854fA282364A80f979b2024259AEB16b9e9348C\",\"gas\":\"0x5208\",\"gasPrice\":\"0x3b9aca00\",\"maxFeePerGas\":null,\"maxPriorityFeePerGas\":null,\"value\":\"0x2710\",\"nonce\":\"0xd\",\"data\":\"0x\",\"chainId\":\"0x1d9d0d8\"}" methodSelector=<nil>
time=2024-01-25T13:35:23.595-03:00 level=INFO msg=SignTransaction api=signer type=response data=f8690d843b9aca00825208942854fa282364a80f979b2024259aeb16b9e9348c822710808403b3a1d4a0a03e5e830221ab211022ac5fff47f1b16af2e4f4824f404f2f28a032edc2cb23a065a1035929bd6ca4fba6f5e16258f9bb4c3e9ff2b39406041702cae6efee00ea error=<nil>
time=2024-01-25T13:39:18.529-03:00 level=INFO msg=List api=signer type=request metadata="{\"remote\":\"NA\",\"local\":\"NA\",\"scheme\":\"ipc\",\"User-Agent\":\"\",\"Origin\":\"\"}"
time=2024-01-25T13:39:20.897-03:00 level=INFO msg=List api=signer type=response data=[0x65BbACef21EC52B240538497441B9DfF24BF839a]
time=2024-01-25T13:39:20.898-03:00 level=INFO msg=SignTransaction api=signer type=request metadata="{\"remote\":\"NA\",\"local\":\"NA\",\"scheme\":\"ipc\",\"User-Agent\":\"\",\"Origin\":\"\"}" tx="{\"from\":\"0x65BbACef21EC52B240538497441B9DfF24BF839a\",\"to\":\"0x2854fA282364A80f979b2024259AEB16b9e9348C\",\"gas\":\"0x5208\",\"gasPrice\":\"0x3b9aca00\",\"maxFeePerGas\":null,\"maxPriorityFeePerGas\":null,\"value\":\"0x2710\",\"nonce\":\"0xe\",\"data\":\"0x\",\"chainId\":\"0x1d9d0d8\"}" methodSelector=<nil>
time=2024-01-25T13:39:23.476-03:00 level=INFO msg=SignTransaction api=signer type=response data=f8690e843b9aca00825208942854fa282364a80f979b2024259aeb16b9e9348c822710808403b3a1d3a0e6a2347b9fba2afcfd1c551723364acee6492527738ba0b9b1b01acb2c1f8a48a03ca9d1a5ba27eb1802577d3a0d09b6bee61a44f587c59332c90c41cad5fb8b74 error=<nil>
time=2024-01-25T13:40:18.642-03:00 level=INFO msg=List api=signer type=request metadata="{\"remote\":\"NA\",\"local\":\"NA\",\"scheme\":\"ipc\",\"User-Agent\":\"\",\"Origin\":\"\"}"
time=2024-01-25T13:40:20.266-03:00 level=INFO msg=List api=signer type=response data=[0x65BbACef21EC52B240538497441B9DfF24BF839a]
time=2024-01-25T13:40:20.267-03:00 level=INFO msg=SignTransaction api=signer type=request metadata="{\"remote\":\"NA\",\"local\":\"NA\",\"scheme\":\"ipc\",\"User-Agent\":\"\",\"Origin\":\"\"}" tx="{\"from\":\"0x65BbACef21EC52B240538497441B9DfF24BF839a\",\"to\":\"0x2854fA282364A80f979b2024259AEB16b9e9348C\",\"gas\":\"0x5208\",\"gasPrice\":\"0x3b9aca00\",\"maxFeePerGas\":null,\"maxPriorityFeePerGas\":null,\"value\":\"0x2710\",\"nonce\":\"0xf\",\"data\":\"0x\",\"chainId\":\"0x1d9d0d8\"}" methodSelector=<nil>
time=2024-01-25T13:40:22.759-03:00 level=INFO msg=SignTransaction api=signer type=response data=f8690f843b9aca00825208942854fa282364a80f979b2024259aeb16b9e9348c822710808403b3a1d3a0209181779b5cb6f975df7d85d94e35ed04d0f2d0874f014ef5f1aff4b8a82841a053159f7135f98a0d43b4bf4154a8f637bc4f0def79b3ef17de84c4faba5cca15 error=<nil>
time=2024-01-25T13:48:28.419-03:00 level=INFO msg=List api=signer type=request metadata="{\"remote\":\"NA\",\"local\":\"NA\",\"scheme\":\"ipc\",\"User-Agent\":\"\",\"Origin\":\"\"}"
time=2024-01-25T13:48:30.490-03:00 level=INFO msg=List api=signer type=response data=[0x65BbACef21EC52B240538497441B9DfF24BF839a]
time=2024-01-25T13:48:30.491-03:00 level=INFO msg=SignTransaction api=signer type=request metadata="{\"remote\":\"NA\",\"local\":\"NA\",\"scheme\":\"ipc\",\"User-Agent\":\"\",\"Origin\":\"\"}" tx="{\"from\":\"0x65BbACef21EC52B240538497441B9DfF24BF839a\",\"to\":\"0x2854fA282364A80f979b2024259AEB16b9e9348C\",\"gas\":\"0x5208\",\"gasPrice\":\"0x3b9aca00\",\"maxFeePerGas\":null,\"maxPriorityFeePerGas\":null,\"value\":\"0x2710\",\"nonce\":\"0x10\",\"data\":\"0x\",\"chainId\":\"0x1d9d0d8\"}" methodSelector=<nil>
time=2024-01-25T13:48:33.550-03:00 level=INFO msg=SignTransaction api=signer type=response data=f86910843b9aca00825208942854fa282364a80f979b2024259aeb16b9e9348c822710808403b3a1d4a08b41db308d811c63405a9535c154a9e6482220c0b39972bd3566c1fe7088f064a0272e9d4dc03f2de4001a8b1ebaa0764903c4976f66fb66c0c6f7310d538b749f error=<nil>
time=2024-01-25T13:49:09.515-03:00 level=INFO msg=List api=signer type=request metadata="{\"remote\":\"NA\",\"local\":\"NA\",\"scheme\":\"ipc\",\"User-Agent\":\"\",\"Origin\":\"\"}"
time=2024-01-25T13:49:11.291-03:00 level=INFO msg=List api=signer type=response data=[0x65BbACef21EC52B240538497441B9DfF24BF839a]
time=2024-01-25T13:49:11.292-03:00 level=INFO msg=SignTransaction api=signer type=request metadata="{\"remote\":\"NA\",\"local\":\"NA\",\"scheme\":\"ipc\",\"User-Agent\":\"\",\"Origin\":\"\"}" tx="{\"from\":\"0x65BbACef21EC52B240538497441B9DfF24BF839a\",\"to\":\"0x2854fA282364A80f979b2024259AEB16b9e9348C\",\"gas\":\"0x5208\",\"gasPrice\":\"0x3b9aca00\",\"maxFeePerGas\":null,\"maxPriorityFeePerGas\":null,\"value\":\"0x2710\",\"nonce\":\"0x11\",\"data\":\"0x\",\"chainId\":\"0x1d9d0d8\"}" methodSelector=<nil>
time=2024-01-25T13:49:14.068-03:00 level=INFO msg=SignTransaction api=signer type=response data=f86911843b9aca00825208942854fa282364a80f979b2024259aeb16b9e9348c822710808403b3a1d4a0a120c27fde7ecdbb5b43d83e2d9e9075b0046c025936864591fbcd77fe13bed3a046c967e93238ba1f4c481211dc93540614492521bcd926f6fc0c48433082da15 error=<nil>
time=2024-01-25T13:49:35.466-03:00 level=INFO msg=Configured api=signer "audit log"=audit.log
time=2024-01-25T13:54:09.841-03:00 level=INFO msg=List api=signer type=request metadata="{\"remote\":\"NA\",\"local\":\"NA\",\"scheme\":\"ipc\",\"User-Agent\":\"\",\"Origin\":\"\"}"
time=2024-01-25T13:54:12.608-03:00 level=INFO msg=List api=signer type=response data=[0x65BbACef21EC52B240538497441B9DfF24BF839a]
time=2024-01-25T13:54:12.609-03:00 level=INFO msg=SignTransaction api=signer type=request metadata="{\"remote\":\"NA\",\"local\":\"NA\",\"scheme\":\"ipc\",\"User-Agent\":\"\",\"Origin\":\"\"}" tx="{\"from\":\"0x65BbACef21EC52B240538497441B9DfF24BF839a\",\"to\":\"0x2854fA282364A80f979b2024259AEB16b9e9348C\",\"gas\":\"0x5208\",\"gasPrice\":\"0x3b9aca00\",\"maxFeePerGas\":null,\"maxPriorityFeePerGas\":null,\"value\":\"0x2710\",\"nonce\":\"0x12\",\"data\":\"0x\",\"chainId\":\"0x1d9d0d8\"}" methodSelector=<nil>
time=2024-01-25T13:56:22.411-03:00 level=INFO msg=Configured api=signer "audit log"=audit.log
time=2024-01-25T13:56:57.763-03:00 level=INFO msg=List api=signer type=request metadata="{\"remote\":\"NA\",\"local\":\"NA\",\"scheme\":\"ipc\",\"User-Agent\":\"\",\"Origin\":\"\"}"
time=2024-01-25T13:56:59.739-03:00 level=INFO msg=List api=signer type=response data=[0x65BbACef21EC52B240538497441B9DfF24BF839a]
time=2024-01-25T13:56:59.740-03:00 level=INFO msg=SignTransaction api=signer type=request metadata="{\"remote\":\"NA\",\"local\":\"NA\",\"scheme\":\"ipc\",\"User-Agent\":\"\",\"Origin\":\"\"}" tx="{\"from\":\"0x65BbACef21EC52B240538497441B9DfF24BF839a\",\"to\":\"0x2854fA282364A80f979b2024259AEB16b9e9348C\",\"gas\":\"0x5208\",\"gasPrice\":\"0x3b9aca00\",\"maxFeePerGas\":null,\"maxPriorityFeePerGas\":null,\"value\":\"0x2710\",\"nonce\":\"0x12\",\"data\":\"0x\",\"chainId\":\"0x1d9d0d8\"}" methodSelector=<nil>
time=2024-01-25T13:57:32.597-03:00 level=INFO msg=Configured api=signer "audit log"=audit.log
time=2024-01-25T13:59:24.950-03:00 level=INFO msg=List api=signer type=request metadata="{\"remote\":\"NA\",\"local\":\"NA\",\"scheme\":\"ipc\",\"User-Agent\":\"\",\"Origin\":\"\"}"
time=2024-01-25T13:59:28.973-03:00 level=INFO msg=List api=signer type=response data=[0x65BbACef21EC52B240538497441B9DfF24BF839a]
time=2024-01-25T13:59:28.974-03:00 level=INFO msg=SignTransaction api=signer type=request metadata="{\"remote\":\"NA\",\"local\":\"NA\",\"scheme\":\"ipc\",\"User-Agent\":\"\",\"Origin\":\"\"}" tx="{\"from\":\"0x65BbACef21EC52B240538497441B9DfF24BF839a\",\"to\":\"0x2854fA282364A80f979b2024259AEB16b9e9348C\",\"gas\":\"0x5208\",\"gasPrice\":\"0x3b9aca00\",\"maxFeePerGas\":null,\"maxPriorityFeePerGas\":null,\"value\":\"0x2710\",\"nonce\":\"0x12\",\"data\":\"0x\",\"chainId\":\"0x1d9d0d8\"}" methodSelector=<nil>
time=2024-01-25T13:59:31.969-03:00 level=INFO msg=SignTransaction api=signer type=response data=f86912843b9aca00825208942854fa282364a80f979b2024259aeb16b9e9348c822710808403b3a1d3a006b742b562b543085da4250646d005bb1ba6aef8c324ed25b6f3e607a3a5d3eca05253167b9d59c15670b53e3e3683eed17fad6113ffd38e65c59502680582361b error=<nil>
time=2024-01-25T14:00:06.342-03:00 level=INFO msg=List api=signer type=request metadata="{\"remote\":\"NA\",\"local\":\"NA\",\"scheme\":\"ipc\",\"User-Agent\":\"\",\"Origin\":\"\"}"
time=2024-01-25T14:00:11.246-03:00 level=INFO msg=List api=signer type=response data=[0x65BbACef21EC52B240538497441B9DfF24BF839a]
time=2024-01-25T14:00:11.247-03:00 level=INFO msg=SignTransaction api=signer type=request metadata="{\"remote\":\"NA\",\"local\":\"NA\",\"scheme\":\"ipc\",\"User-Agent\":\"\",\"Origin\":\"\"}" tx="{\"from\":\"0x65BbACef21EC52B240538497441B9DfF24BF839a\",\"to\":\"0x2854fA282364A80f979b2024259AEB16b9e9348C\",\"gas\":\"0x5208\",\"gasPrice\":\"0x3b9aca00\",\"maxFeePerGas\":null,\"maxPriorityFeePerGas\":null,\"value\":\"0x2710\",\"nonce\":\"0x13\",\"data\":\"0x\",\"chainId\":\"0x1d9d0d8\"}" methodSelector=<nil>
time=2024-01-25T14:00:13.545-03:00 level=INFO msg=SignTransaction api=signer type=response data=f86913843b9aca00825208942854fa282364a80f979b2024259aeb16b9e9348c822710808403b3a1d4a0059ee73910ab21df46859f1d81fbe0dc3624d8f5eebb44fe222dbb8af8cde862a012474c1dfd59964087afaf4b9da7f9bd043a13c504662ef479d6a526a49b024a error=<nil>
time=2024-01-25T14:01:50.400-03:00 level=INFO msg=List api=signer type=request metadata="{\"remote\":\"NA\",\"local\":\"NA\",\"scheme\":\"ipc\",\"User-Agent\":\"\",\"Origin\":\"\"}"
time=2024-01-25T14:01:52.191-03:00 level=INFO msg=List api=signer type=response data=[0x65BbACef21EC52B240538497441B9DfF24BF839a]
time=2024-01-25T14:01:52.192-03:00 level=INFO msg=SignTransaction api=signer type=request metadata="{\"remote\":\"NA\",\"local\":\"NA\",\"scheme\":\"ipc\",\"User-Agent\":\"\",\"Origin\":\"\"}" tx="{\"from\":\"0x65BbACef21EC52B240538497441B9DfF24BF839a\",\"to\":\"0x2854fA282364A80f979b2024259AEB16b9e9348C\",\"gas\":\"0x5208\",\"gasPrice\":\"0x3b9aca00\",\"maxFeePerGas\":null,\"maxPriorityFeePerGas\":null,\"value\":\"0x2710\",\"nonce\":\"0x14\",\"data\":\"0x\",\"chainId\":\"0x1d9d0d8\"}" methodSelector=<nil>
time=2024-01-25T14:01:54.449-03:00 level=INFO msg=SignTransaction api=signer type=response data=f86914843b9aca00825208942854fa282364a80f979b2024259aeb16b9e9348c822710808403b3a1d4a0a4e08e680f11744c0acbeb73d73f0f9833f621878909994f81e94bca2885de78a02892e13e505a5b501b35911f280b1e2b21ab904563071484777035e9ad0a22e4 error=<nil>
time=2024-01-25T14:02:14.432-03:00 level=INFO msg=List api=signer type=request metadata="{\"remote\":\"NA\",\"local\":\"NA\",\"scheme\":\"ipc\",\"User-Agent\":\"\",\"Origin\":\"\"}"
time=2024-01-25T14:02:15.976-03:00 level=INFO msg=List api=signer type=response data=[0x65BbACef21EC52B240538497441B9DfF24BF839a]
time=2024-01-25T14:02:15.977-03:00 level=INFO msg=SignTransaction api=signer type=request metadata="{\"remote\":\"NA\",\"local\":\"NA\",\"scheme\":\"ipc\",\"User-Agent\":\"\",\"Origin\":\"\"}" tx="{\"from\":\"0x65BbACef21EC52B240538497441B9DfF24BF839a\",\"to\":\"0x2854fA282364A80f979b2024259AEB16b9e9348C\",\"gas\":\"0x5208\",\"gasPrice\":\"0x3b9aca00\",\"maxFeePerGas\":null,\"maxPriorityFeePerGas\":null,\"value\":\"0x2710\",\"nonce\":\"0x15\",\"data\":\"0x\",\"chainId\":\"0x1d9d0d8\"}" methodSelector=<nil>
time=2024-01-25T14:02:17.918-03:00 level=INFO msg=SignTransaction api=signer type=response data=f86915843b9aca00825208942854fa282364a80f979b2024259aeb16b9e9348c822710808403b3a1d4a095075d1842dc84060497a43f2c41e0016faa6e4480bce0a8a3696d1ff30c4971a03d6b7c5b53ee98227d07b07a07745673ed4f4ccd48a51cb52b13a4555a48481d error=<nil>
time=2024-01-25T14:03:35.257-03:00 level=INFO msg=List api=signer type=request metadata="{\"remote\":\"NA\",\"local\":\"NA\",\"scheme\":\"ipc\",\"User-Agent\":\"\",\"Origin\":\"\"}"
time=2024-01-25T14:03:36.697-03:00 level=INFO msg=List api=signer type=response data=[0x65BbACef21EC52B240538497441B9DfF24BF839a]
time=2024-01-25T14:03:36.698-03:00 level=INFO msg=SignTransaction api=signer type=request metadata="{\"remote\":\"NA\",\"local\":\"NA\",\"scheme\":\"ipc\",\"User-Agent\":\"\",\"Origin\":\"\"}" tx="{\"from\":\"0x65BbACef21EC52B240538497441B9DfF24BF839a\",\"to\":\"0x2854fA282364A80f979b2024259AEB16b9e9348C\",\"gas\":\"0x5208\",\"gasPrice\":\"0x3b9aca00\",\"maxFeePerGas\":null,\"maxPriorityFeePerGas\":null,\"value\":\"0x2710\",\"nonce\":\"0x16\",\"data\":\"0x\",\"chainId\":\"0x1d9d0d8\"}" methodSelector=<nil>
time=2024-01-25T14:03:38.871-03:00 level=INFO msg=SignTransaction api=signer type=response data=f86916843b9aca00825208942854fa282364a80f979b2024259aeb16b9e9348c822710808403b3a1d3a05ff0e6963bc26f35f178fce79e8b865da8d30c5054ac110a1281895a305e84e5a0767acaed02d8dd8f94d749db42497fd1ae5050af6fb387855be43809899f9800 error=<nil>
time=2024-01-25T14:04:43.627-03:00 level=INFO msg=List api=signer type=request metadata="{\"remote\":\"NA\",\"local\":\"NA\",\"scheme\":\"ipc\",\"User-Agent\":\"\",\"Origin\":\"\"}"
time=2024-01-25T14:04:45.362-03:00 level=INFO msg=List api=signer type=response data=[0x65BbACef21EC52B240538497441B9DfF24BF839a]
time=2024-01-25T14:04:45.363-03:00 level=INFO msg=SignTransaction api=signer type=request metadata="{\"remote\":\"NA\",\"local\":\"NA\",\"scheme\":\"ipc\",\"User-Agent\":\"\",\"Origin\":\"\"}" tx="{\"from\":\"0x65BbACef21EC52B240538497441B9DfF24BF839a\",\"to\":\"0x2854fA282364A80f979b2024259AEB16b9e9348C\",\"gas\":\"0x5208\",\"gasPrice\":\"0x3b9aca00\",\"maxFeePerGas\":null,\"maxPriorityFeePerGas\":null,\"value\":\"0x2710\",\"nonce\":\"0x17\",\"data\":\"0x\",\"chainId\":\"0x1d9d0d8\"}" methodSelector=<nil>
time=2024-01-25T14:04:47.431-03:00 level=INFO msg=SignTransaction api=signer type=response data=f86917843b9aca00825208942854fa282364a80f979b2024259aeb16b9e9348c822710808403b3a1d4a05ab699354a6fc0331dec38a4d94438aa9cc119c2c57a7c13d20efbe2f329a47ba05d6c557de03584eccb65f651b89d0620cd4dcce540bdd9ffdbb78f3e79ebffe3 error=<nil>
time=2024-01-25T14:05:36.755-03:00 level=INFO msg=List api=signer type=request metadata="{\"remote\":\"NA\",\"local\":\"NA\",\"scheme\":\"ipc\",\"User-Agent\":\"\",\"Origin\":\"\"}"
time=2024-01-25T14:05:38.443-03:00 level=INFO msg=List api=signer type=response data=[0x65BbACef21EC52B240538497441B9DfF24BF839a]
time=2024-01-25T14:05:38.444-03:00 level=INFO msg=SignTransaction api=signer type=request metadata="{\"remote\":\"NA\",\"local\":\"NA\",\"scheme\":\"ipc\",\"User-Agent\":\"\",\"Origin\":\"\"}" tx="{\"from\":\"0x65BbACef21EC52B240538497441B9DfF24BF839a\",\"to\":\"0x2854fA282364A80f979b2024259AEB16b9e9348C\",\"gas\":\"0x5208\",\"gasPrice\":\"0x3b9aca00\",\"maxFeePerGas\":null,\"maxPriorityFeePerGas\":null,\"value\":\"0x2710\",\"nonce\":\"0x18\",\"data\":\"0x\",\"chainId\":\"0x1d9d0d8\"}" methodSelector=<nil>
time=2024-01-25T14:05:41.255-03:00 level=INFO msg=SignTransaction api=signer type=response data=f86918843b9aca00825208942854fa282364a80f979b2024259aeb16b9e9348c822710808403b3a1d3a0fbf82c715c627e18b8afabfb36b8bf536c64881fa622d363c01cc04ba876d622a0341d81f36ef6b955951dcee627b68f3b587226332bc2ad3dce1e87b7eca7e140 error=<nil>
time=2024-01-25T14:06:09.204-03:00 level=INFO msg=List api=signer type=request metadata="{\"remote\":\"NA\",\"local\":\"NA\",\"scheme\":\"ipc\",\"User-Agent\":\"\",\"Origin\":\"\"}"
time=2024-01-25T14:06:10.732-03:00 level=INFO msg=List api=signer type=response data=[0x65BbACef21EC52B240538497441B9DfF24BF839a]
time=2024-01-25T14:06:10.732-03:00 level=INFO msg=SignTransaction api=signer type=request metadata="{\"remote\":\"NA\",\"local\":\"NA\",\"scheme\":\"ipc\",\"User-Agent\":\"\",\"Origin\":\"\"}" tx="{\"from\":\"0x65BbACef21EC52B240538497441B9DfF24BF839a\",\"to\":\"0x2854fA282364A80f979b2024259AEB16b9e9348C\",\"gas\":\"0x5208\",\"gasPrice\":\"0x3b9aca00\",\"maxFeePerGas\":null,\"maxPriorityFeePerGas\":null,\"value\":\"0x2710\",\"nonce\":\"0x19\",\"data\":\"0x\",\"chainId\":\"0x1d9d0d8\"}" methodSelector=<nil>
time=2024-01-25T14:06:13.139-03:00 level=INFO msg=SignTransaction api=signer type=response data=f86919843b9aca00825208942854fa282364a80f979b2024259aeb16b9e9348c822710808403b3a1d4a0254f2acfb4c20af659eb5dc994d2087e478210f195160125a35e7ba3721e6475a0761f525b979fc67aa72e259ac94b77823476d06e824ffc4ab62aff093873c9fc error=<nil>
time=2024-01-25T14:07:33.141-03:00 level=INFO msg=List api=signer type=request metadata="{\"remote\":\"NA\",\"local\":\"NA\",\"scheme\":\"ipc\",\"User-Agent\":\"\",\"Origin\":\"\"}"
time=2024-01-25T14:07:34.493-03:00 level=INFO msg=List api=signer type=response data=[0x65BbACef21EC52B240538497441B9DfF24BF839a]
time=2024-01-25T14:07:34.494-03:00 level=INFO msg=SignTransaction api=signer type=request metadata="{\"remote\":\"NA\",\"local\":\"NA\",\"scheme\":\"ipc\",\"User-Agent\":\"\",\"Origin\":\"\"}" tx="{\"from\":\"0x65BbACef21EC52B240538497441B9DfF24BF839a\",\"to\":\"0x2854fA282364A80f979b2024259AEB16b9e9348C\",\"gas\":\"0x5208\",\"gasPrice\":\"0x3b9aca00\",\"maxFeePerGas\":null,\"maxPriorityFeePerGas\":null,\"value\":\"0x2710\",\"nonce\":\"0x1a\",\"data\":\"0x\",\"chainId\":\"0x1d9d0d8\"}" methodSelector=<nil>
time=2024-01-25T14:07:36.460-03:00 level=INFO msg=SignTransaction api=signer type=response data=f8691a843b9aca00825208942854fa282364a80f979b2024259aeb16b9e9348c822710808403b3a1d3a02589dede93a8bf648985d72680e7e1672c50c157e88f29cd5ac476e6ad376287a03b9e7f0afca57b6f70194c6061e641d2a4c37b6f317b88ef3de12845f649bc0e error=<nil>
time=2024-01-25T14:07:50.103-03:00 level=INFO msg=Configured api=signer "audit log"=audit.log
time=2024-01-25T14:11:57.265-03:00 level=INFO msg=List api=signer type=request metadata="{\"remote\":\"NA\",\"local\":\"NA\",\"scheme\":\"ipc\",\"User-Agent\":\"\",\"Origin\":\"\"}"
time=2024-01-25T14:11:59.097-03:00 level=INFO msg=List api=signer type=response data=[0x65BbACef21EC52B240538497441B9DfF24BF839a]
time=2024-01-25T14:11:59.098-03:00 level=INFO msg=SignTransaction api=signer type=request metadata="{\"remote\":\"NA\",\"local\":\"NA\",\"scheme\":\"ipc\",\"User-Agent\":\"\",\"Origin\":\"\"}" tx="{\"from\":\"0x65BbACef21EC52B240538497441B9DfF24BF839a\",\"to\":\"0x2854fA282364A80f979b2024259AEB16b9e9348C\",\"gas\":\"0x5208\",\"gasPrice\":\"0x3b9aca00\",\"maxFeePerGas\":null,\"maxPriorityFeePerGas\":null,\"value\":\"0x2710\",\"nonce\":\"0x1b\",\"data\":\"0x\",\"chainId\":\"0x1d9d0d8\"}" methodSelector=<nil>
time=2024-01-25T14:12:01.437-03:00 level=INFO msg=SignTransaction api=signer type=response data=f8691b843b9aca00825208942854fa282364a80f979b2024259aeb16b9e9348c822710808403b3a1d4a09404de0e064cec198582ba15db96016d107843aa917f6881423e153de2019276a051a8aa21950f578cb5dea64ab050095a4787d4791b4c7d02a9f51674a7973cf6 error=<nil>
time=2024-01-25T14:12:27.210-03:00 level=INFO msg=List api=signer type=request metadata="{\"remote\":\"NA\",\"local\":\"NA\",\"scheme\":\"ipc\",\"User-Agent\":\"\",\"Origin\":\"\"}"
time=2024-01-25T14:12:28.681-03:00 level=INFO msg=List api=signer type=response data=[0x65BbACef21EC52B240538497441B9DfF24BF839a]
time=2024-01-25T14:12:28.682-03:00 level=INFO msg=SignTransaction api=signer type=request metadata="{\"remote\":\"NA\",\"local\":\"NA\",\"scheme\":\"ipc\",\"User-Agent\":\"\",\"Origin\":\"\"}" tx="{\"from\":\"0x65BbACef21EC52B240538497441B9DfF24BF839a\",\"to\":\"0x2854fA282364A80f979b2024259AEB16b9e9348C\",\"gas\":\"0x5208\",\"gasPrice\":\"0x3b9aca00\",\"maxFeePerGas\":null,\"maxPriorityFeePerGas\":null,\"value\":\"0x2710\",\"nonce\":\"0x1c\",\"data\":\"0x\",\"chainId\":\"0x1d9d0d8\"}" methodSelector=<nil>
time=2024-01-25T14:12:30.683-03:00 level=INFO msg=SignTransaction api=signer type=response data=f8691c843b9aca00825208942854fa282364a80f979b2024259aeb16b9e9348c822710808403b3a1d3a0ecc7ebc2ec3754b4facbab6a8ebb00f53b7d80571c250cad7bee209481f793dba017adf723895dff446a4b8af7849755b35b892ea737932e469eeb20a792d0fd65 error=<nil>
time=2024-01-25T14:14:13.083-03:00 level=INFO msg=List api=signer type=request metadata="{\"remote\":\"NA\",\"local\":\"NA\",\"scheme\":\"ipc\",\"User-Agent\":\"\",\"Origin\":\"\"}"
time=2024-01-25T14:14:15.474-03:00 level=INFO msg=List api=signer type=response data=[0x65BbACef21EC52B240538497441B9DfF24BF839a]
time=2024-01-25T14:14:15.475-03:00 level=INFO msg=SignTransaction api=signer type=request metadata="{\"remote\":\"NA\",\"local\":\"NA\",\"scheme\":\"ipc\",\"User-Agent\":\"\",\"Origin\":\"\"}" tx="{\"from\":\"0x65BbACef21EC52B240538497441B9DfF24BF839a\",\"to\":\"0x2854fA282364A80f979b2024259AEB16b9e9348C\",\"gas\":\"0x5208\",\"gasPrice\":\"0x3b9aca00\",\"maxFeePerGas\":null,\"maxPriorityFeePerGas\":null,\"value\":\"0x2710\",\"nonce\":\"0x1d\",\"data\":\"0x\",\"chainId\":\"0x1d9d0d8\"}" methodSelector=<nil>
time=2024-01-25T14:14:17.668-03:00 level=INFO msg=SignTransaction api=signer type=response data=f8691d843b9aca00825208942854fa282364a80f979b2024259aeb16b9e9348c822710808403b3a1d4a031e91c45043c837e2ea31ff88444676c5ef2dda647d7c9c314c587377ff44fd4a0214fd3bc6b594424f82e442deb206781ad67673d69796b3178042c7df534ea1b error=<nil>
time=2024-01-25T14:14:25.083-03:00 level=INFO msg=List api=signer type=request metadata="{\"remote\":\"NA\",\"local\":\"NA\",\"scheme\":\"ipc\",\"User-Agent\":\"\",\"Origin\":\"\"}"
time=2024-01-25T14:14:26.682-03:00 level=INFO msg=List api=signer type=response data=[0x65BbACef21EC52B240538497441B9DfF24BF839a]
time=2024-01-25T14:14:26.683-03:00 level=INFO msg=SignTransaction api=signer type=request metadata="{\"remote\":\"NA\",\"local\":\"NA\",\"scheme\":\"ipc\",\"User-Agent\":\"\",\"Origin\":\"\"}" tx="{\"from\":\"0x65BbACef21EC52B240538497441B9DfF24BF839a\",\"to\":\"0x2854fA282364A80f979b2024259AEB16b9e9348C\",\"gas\":\"0x5208\",\"gasPrice\":\"0x3b9aca00\",\"maxFeePerGas\":null,\"maxPriorityFeePerGas\":null,\"value\":\"0x2710\",\"nonce\":\"0x1e\",\"data\":\"0x\",\"chainId\":\"0x1d9d0d8\"}" methodSelector=<nil>
time=2024-01-25T14:14:29.479-03:00 level=INFO msg=SignTransaction api=signer type=response data=f8691e843b9aca00825208942854fa282364a80f979b2024259aeb16b9e9348c822710808403b3a1d4a0496c45c2160911f361cadb3e923bfb4e094598d560c34479a7956b3491c8be90a034807bf57464e707f3ea76522203d2ce901aa3618795c92b960201d180896375 error=<nil>
time=2024-01-25T14:34:42.992-03:00 level=INFO msg=Configured api=signer "audit log"=audit.log
time=2024-01-25T14:35:03.987-03:00 level=INFO msg=List api=signer type=request metadata="{\"remote\":\"NA\",\"local\":\"NA\",\"scheme\":\"ipc\",\"User-Agent\":\"\",\"Origin\":\"\"}"
time=2024-01-25T14:35:05.570-03:00 level=INFO msg=List api=signer type=response data=[0x65BbACef21EC52B240538497441B9DfF24BF839a]
time=2024-01-25T14:35:05.571-03:00 level=INFO msg=SignTransaction api=signer type=request metadata="{\"remote\":\"NA\",\"local\":\"NA\",\"scheme\":\"ipc\",\"User-Agent\":\"\",\"Origin\":\"\"}" tx="{\"from\":\"0x65BbACef21EC52B240538497441B9DfF24BF839a\",\"to\":\"0x2854fA282364A80f979b2024259AEB16b9e9348C\",\"gas\":\"0x5208\",\"gasPrice\":\"0x3b9aca00\",\"maxFeePerGas\":null,\"maxPriorityFeePerGas\":null,\"value\":\"0x2710\",\"nonce\":\"0x1f\",\"data\":\"0x\",\"chainId\":\"0x1d9d0d8\"}" methodSelector=<nil>
time=2024-01-25T14:35:07.754-03:00 level=INFO msg=SignTransaction api=signer type=response data=f8691f843b9aca00825208942854fa282364a80f979b2024259aeb16b9e9348c822710808403b3a1d4a0e185fd106926886dee8b67022c748746317c623eabd6655cb82e3dbc14285d81a02c3e575cebed7d0d7e0aabc0991b9e34251508c797c34637a73363ef3e3c9d76 error=<nil>
time=2024-01-25T14:35:52.603-03:00 level=INFO msg=List api=signer type=request metadata="{\"remote\":\"NA\",\"local\":\"NA\",\"scheme\":\"ipc\",\"User-Agent\":\"\",\"Origin\":\"\"}"
time=2024-01-25T14:35:54.627-03:00 level=INFO msg=List api=signer type=response data=[0x65BbACef21EC52B240538497441B9DfF24BF839a]
time=2024-01-25T14:35:54.628-03:00 level=INFO msg=SignTransaction api=signer type=request metadata="{\"remote\":\"NA\",\"local\":\"NA\",\"scheme\":\"ipc\",\"User-Agent\":\"\",\"Origin\":\"\"}" tx="{\"from\":\"0x65BbACef21EC52B240538497441B9DfF24BF839a\",\"to\":\"0x2854fA282364A80f979b2024259AEB16b9e9348C\",\"gas\":\"0x5208\",\"gasPrice\":\"0x3b9aca00\",\"maxFeePerGas\":null,\"maxPriorityFeePerGas\":null,\"value\":\"0x2710\",\"nonce\":\"0x20\",\"data\":\"0x\",\"chainId\":\"0x1d9d0d8\"}" methodSelector=<nil>
time=2024-01-25T14:35:56.951-03:00 level=INFO msg=SignTransaction api=signer type=response data=f86920843b9aca00825208942854fa282364a80f979b2024259aeb16b9e9348c822710808403b3a1d3a0cbc12967722cd9c5bc9e54e58657bc5328936b2ce363428c514bbd914be37d5ba0689bf2eca332dacee79a6853ab33d3aa3d520ab8c0402840ee222037dbd12b35 error=<nil>
time=2024-01-25T14:37:59.109-03:00 level=INFO msg=List api=signer type=request metadata="{\"remote\":\"NA\",\"local\":\"NA\",\"scheme\":\"ipc\",\"User-Agent\":\"\",\"Origin\":\"\"}"
time=2024-01-25T14:38:00.685-03:00 level=INFO msg=List api=signer type=response data=[0x65BbACef21EC52B240538497441B9DfF24BF839a]
time=2024-01-25T14:38:00.686-03:00 level=INFO msg=SignTransaction api=signer type=request metadata="{\"remote\":\"NA\",\"local\":\"NA\",\"scheme\":\"ipc\",\"User-Agent\":\"\",\"Origin\":\"\"}" tx="{\"from\":\"0x65BbACef21EC52B240538497441B9DfF24BF839a\",\"to\":\"0x2854fA282364A80f979b2024259AEB16b9e9348C\",\"gas\":\"0x5208\",\"gasPrice\":\"0x3b9aca00\",\"maxFeePerGas\":null,\"maxPriorityFeePerGas\":null,\"value\":\"0x2710\",\"nonce\":\"0x21\",\"data\":\"0x\",\"chainId\":\"0x1d9d0d8\"}" methodSelector=<nil>
time=2024-01-25T14:38:02.996-03:00 level=INFO msg=SignTransaction api=signer type=response data=f86921843b9aca00825208942854fa282364a80f979b2024259aeb16b9e9348c822710808403b3a1d4a0e8498eee90e3a09466e6c6115b44545c195a5316d4ee3814366fc288565956aea070f0ea58f94625450e8e57e2ae5ec29a67e83b82c7f7aecee37944780c6c6ab6 error=<nil>
time=2024-01-30T13:25:46.783-03:00 level=INFO msg=Configured api=signer "audit log"=audit.log
time=2024-01-30T14:11:07.699-03:00 level=INFO msg=Configured api=signer "audit log"=audit.log
time=2024-01-30T14:11:29.328-03:00 level=INFO msg=Version api=signer type=request metadata="{\"remote\":\"NA\",\"local\":\"NA\",\"scheme\":\"ipc\",\"User-Agent\":\"\",\"Origin\":\"\"}"
time=2024-01-30T14:11:29.328-03:00 level=INFO msg=Version api=signer type=response data=6.1.0 error=<nil>
time=2024-01-30T14:12:30.406-03:00 level=INFO msg=List api=signer type=request metadata="{\"remote\":\"NA\",\"local\":\"NA\",\"scheme\":\"ipc\",\"User-Agent\":\"\",\"Origin\":\"\"}"
time=2024-01-30T14:12:33.536-03:00 level=INFO msg=List api=signer type=response data=[0x65BbACef21EC52B240538497441B9DfF24BF839a]
time=2024-01-30T14:12:33.538-03:00 level=INFO msg=SignTransaction api=signer type=request metadata="{\"remote\":\"NA\",\"local\":\"NA\",\"scheme\":\"ipc\",\"User-Agent\":\"\",\"Origin\":\"\"}" tx="{\"from\":\"0x65BbACef21EC52B240538497441B9DfF24BF839a\",\"to\":\"0x2854fA282364A80f979b2024259AEB16b9e9348C\",\"gas\":\"0x5208\",\"gasPrice\":\"0x3b9aca00\",\"maxFeePerGas\":null,\"maxPriorityFeePerGas\":null,\"value\":\"0x2710\",\"nonce\":\"0x22\",\"data\":\"0x\",\"chainId\":\"0x1d9d0d8\"}" methodSelector=<nil>
time=2024-01-30T14:12:38.662-03:00 level=INFO msg=SignTransaction api=signer type=response data=f86922843b9aca00825208942854fa282364a80f979b2024259aeb16b9e9348c822710808403b3a1d3a05c3eaa94d2090d9e12e5a988f22eb171ddc29ce1e0b0a467e4d98380645310d2a06b37486b23e117d14d5a5ff9e87a14191972db1b5f426d43e45eb781ae081392 error=<nil>
time=2024-01-30T14:13:43.918-03:00 level=INFO msg=List api=signer type=request metadata="{\"remote\":\"NA\",\"local\":\"NA\",\"scheme\":\"ipc\",\"User-Agent\":\"\",\"Origin\":\"\"}"
time=2024-01-30T14:13:48.488-03:00 level=INFO msg=List api=signer type=response data=[0x65BbACef21EC52B240538497441B9DfF24BF839a]
time=2024-01-30T14:13:48.493-03:00 level=INFO msg=SignTransaction api=signer type=request metadata="{\"remote\":\"NA\",\"local\":\"NA\",\"scheme\":\"ipc\",\"User-Agent\":\"\",\"Origin\":\"\"}" tx="{\"from\":\"0x65BbACef21EC52B240538497441B9DfF24BF839a\",\"to\":\"0x2854fA282364A80f979b2024259AEB16b9e9348C\",\"gas\":\"0x5208\",\"gasPrice\":\"0x3b9aca00\",\"maxFeePerGas\":null,\"maxPriorityFeePerGas\":null,\"value\":\"0x2710\",\"nonce\":\"0x23\",\"data\":\"0x\",\"chainId\":\"0x1d9d0d8\"}" methodSelector=<nil>
time=2024-01-30T14:13:51.033-03:00 level=INFO msg=SignTransaction api=signer type=response data=f86923843b9aca00825208942854fa282364a80f979b2024259aeb16b9e9348c822710808403b3a1d4a08d8e5ef057310d1b7379c95314570addf5b5e46afdb95fc71c89914a77c83306a00daa92eea209fabbb0a9fbf384bb53a75f4afa8122a7e9ebebafde09badac4cd error=<nil>
time=2024-01-30T14:17:07.310-03:00 level=INFO msg=Configured api=signer "audit log"=audit.log
time=2024-01-30T14:21:18.996-03:00 level=INFO msg=Configured api=signer "audit log"=audit.log
time=2024-01-30T14:21:24.330-03:00 level=INFO msg=Version api=signer type=request metadata="{\"remote\":\"NA\",\"local\":\"NA\",\"scheme\":\"ipc\",\"User-Agent\":\"\",\"Origin\":\"\"}"
time=2024-01-30T14:21:24.330-03:00 level=INFO msg=Version api=signer type=response data=6.1.0 error=<nil>
time=2024-01-30T14:21:47.810-03:00 level=INFO msg=Configured api=signer "audit log"=audit.log
time=2024-01-30T14:22:00.451-03:00 level=INFO msg=Version api=signer type=request metadata="{\"remote\":\"NA\",\"local\":\"NA\",\"scheme\":\"ipc\",\"User-Agent\":\"\",\"Origin\":\"\"}"
time=2024-01-30T14:22:00.451-03:00 level=INFO msg=Version api=signer type=response data=6.1.0 error=<nil>
time=2024-01-30T14:22:11.303-03:00 level=INFO msg=List api=signer type=request metadata="{\"remote\":\"NA\",\"local\":\"NA\",\"scheme\":\"ipc\",\"User-Agent\":\"\",\"Origin\":\"\"}"
time=2024-01-30T14:22:16.551-03:00 level=INFO msg=List api=signer type=response data=[0x65BbACef21EC52B240538497441B9DfF24BF839a]
time=2024-01-30T14:22:16.556-03:00 level=INFO msg=SignTransaction api=signer type=request metadata="{\"remote\":\"NA\",\"local\":\"NA\",\"scheme\":\"ipc\",\"User-Agent\":\"\",\"Origin\":\"\"}" tx="{\"from\":\"0x65BbACef21EC52B240538497441B9DfF24BF839a\",\"to\":\"0x2854fA282364A80f979b2024259AEB16b9e9348C\",\"gas\":\"0x5208\",\"gasPrice\":\"0x3b9aca00\",\"maxFeePerGas\":null,\"maxPriorityFeePerGas\":null,\"value\":\"0x2710\",\"nonce\":\"0x24\",\"data\":\"0x\",\"chainId\":\"0x1d9d0d8\"}" methodSelector=<nil>
time=2024-01-30T14:22:18.697-03:00 level=INFO msg=SignTransaction api=signer type=response data=f86924843b9aca00825208942854fa282364a80f979b2024259aeb16b9e9348c822710808403b3a1d3a0a1487b9f1c7d89d63c0643fb308f1e68918466097bc78b23b7a184fa384bda9da012fb745198d0a665da00686be8e06fba01f12aed9538a6deabe2b99088938493 error=<nil>
time=2024-01-30T14:35:55.727-03:00 level=INFO msg=List api=signer type=request metadata="{\"remote\":\"NA\",\"local\":\"NA\",\"scheme\":\"ipc\",\"User-Agent\":\"\",\"Origin\":\"\"}"
time=2024-01-30T14:35:57.894-03:00 level=INFO msg=List api=signer type=response data=[0x65BbACef21EC52B240538497441B9DfF24BF839a]
time=2024-01-30T14:35:57.897-03:00 level=INFO msg=SignTransaction api=signer type=request metadata="{\"remote\":\"NA\",\"local\":\"NA\",\"scheme\":\"ipc\",\"User-Agent\":\"\",\"Origin\":\"\"}" tx="{\"from\":\"0x65BbACef21EC52B240538497441B9DfF24BF839a\",\"to\":\"0x2854fA282364A80f979b2024259AEB16b9e9348C\",\"gas\":\"0x5208\",\"gasPrice\":\"0x3b9aca00\",\"maxFeePerGas\":null,\"maxPriorityFeePerGas\":null,\"value\":\"0x2710\",\"nonce\":\"0x25\",\"data\":\"0x\",\"chainId\":\"0x1d9d0d8\"}" methodSelector=<nil>
time=2024-01-30T14:36:01.712-03:00 level=INFO msg=SignTransaction api=signer type=response data=f86925843b9aca00825208942854fa282364a80f979b2024259aeb16b9e9348c822710808403b3a1d3a0f35b55c109999d22ee0727ae1d3383cdb7af27c6043981bd570b74a96f35cd79a058cb86cb5887d8a984d0172252a1f60d7e530f1a5b294a7312044eda14998b1c error=<nil>
time=2024-01-30T14:38:51.730-03:00 level=INFO msg=List api=signer type=request metadata="{\"remote\":\"NA\",\"local\":\"NA\",\"scheme\":\"ipc\",\"User-Agent\":\"\",\"Origin\":\"\"}"
time=2024-01-30T14:38:53.822-03:00 level=INFO msg=List api=signer type=response data=[0x65BbACef21EC52B240538497441B9DfF24BF839a]
time=2024-01-30T14:38:53.825-03:00 level=INFO msg=SignTransaction api=signer type=request metadata="{\"remote\":\"NA\",\"local\":\"NA\",\"scheme\":\"ipc\",\"User-Agent\":\"\",\"Origin\":\"\"}" tx="{\"from\":\"0x65BbACef21EC52B240538497441B9DfF24BF839a\",\"to\":\"0x2854fA282364A80f979b2024259AEB16b9e9348C\",\"gas\":\"0x5208\",\"gasPrice\":\"0x3b9aca00\",\"maxFeePerGas\":null,\"maxPriorityFeePerGas\":null,\"value\":\"0x2710\",\"nonce\":\"0x26\",\"data\":\"0x\",\"chainId\":\"0x1d9d0d8\"}" methodSelector=<nil>
time=2024-01-30T14:40:26.193-03:00 level=INFO msg=Configured api=signer "audit log"=audit.log
time=2024-01-30T14:40:33.741-03:00 level=INFO msg=List api=signer type=request metadata="{\"remote\":\"NA\",\"local\":\"NA\",\"scheme\":\"ipc\",\"User-Agent\":\"\",\"Origin\":\"\"}"
time=2024-01-30T14:40:36.165-03:00 level=INFO msg=List api=signer type=response data=[0x65BbACef21EC52B240538497441B9DfF24BF839a]
time=2024-01-30T14:40:36.169-03:00 level=INFO msg=SignTransaction api=signer type=request metadata="{\"remote\":\"NA\",\"local\":\"NA\",\"scheme\":\"ipc\",\"User-Agent\":\"\",\"Origin\":\"\"}" tx="{\"from\":\"0x65BbACef21EC52B240538497441B9DfF24BF839a\",\"to\":\"0x2854fA282364A80f979b2024259AEB16b9e9348C\",\"gas\":\"0x5208\",\"gasPrice\":\"0x3b9aca00\",\"maxFeePerGas\":null,\"maxPriorityFeePerGas\":null,\"value\":\"0x2710\",\"nonce\":\"0x26\",\"data\":\"0x\",\"chainId\":\"0x1d9d0d8\"}" methodSelector=<nil>
time=2024-01-30T14:41:51.359-03:00 level=INFO msg=Configured api=signer "audit log"=audit.log
time=2024-01-30T14:41:57.656-03:00 level=INFO msg=List api=signer type=request metadata="{\"remote\":\"NA\",\"local\":\"NA\",\"scheme\":\"ipc\",\"User-Agent\":\"\",\"Origin\":\"\"}"
time=2024-01-30T14:41:59.566-03:00 level=INFO msg=List api=signer type=response data=[0x65BbACef21EC52B240538497441B9DfF24BF839a]
time=2024-01-30T14:41:59.570-03:00 level=INFO msg=SignTransaction api=signer type=request metadata="{\"remote\":\"NA\",\"local\":\"NA\",\"scheme\":\"ipc\",\"User-Agent\":\"\",\"Origin\":\"\"}" tx="{\"from\":\"0x65BbACef21EC52B240538497441B9DfF24BF839a\",\"to\":\"0x2854fA282364A80f979b2024259AEB16b9e9348C\",\"gas\":\"0x5208\",\"gasPrice\":\"0x3b9aca00\",\"maxFeePerGas\":null,\"maxPriorityFeePerGas\":null,\"value\":\"0x2710\",\"nonce\":\"0x26\",\"data\":\"0x\",\"chainId\":\"0x1d9d0d8\"}" methodSelector=<nil>
time=2024-01-30T14:42:02.211-03:00 level=INFO msg=SignTransaction api=signer type=response data=f86926843b9aca00825208942854fa282364a80f979b2024259aeb16b9e9348c822710808403b3a1d3a0dadd6f00383c1230f1d339bea3bf69a09d882ae7755add7be315be05d60af264a0069a1029396f09a895c520d76a799d9772834008277ab7607d67a3e97d6b3983 error=<nil>
time=2024-01-30T14:55:48.058-03:00 level=INFO msg=List api=signer type=request metadata="{\"remote\":\"NA\",\"local\":\"NA\",\"scheme\":\"ipc\",\"User-Agent\":\"\",\"Origin\":\"\"}"
time=2024-01-30T14:55:49.825-03:00 level=INFO msg=List api=signer type=response data=[0x65BbACef21EC52B240538497441B9DfF24BF839a]
time=2024-01-30T14:55:49.826-03:00 level=INFO msg=SignTransaction api=signer type=request metadata="{\"remote\":\"NA\",\"local\":\"NA\",\"scheme\":\"ipc\",\"User-Agent\":\"\",\"Origin\":\"\"}" tx="{\"from\":\"0x65BbACef21EC52B240538497441B9DfF24BF839a\",\"to\":\"0x2854fA282364A80f979b2024259AEB16b9e9348C\",\"gas\":\"0x5208\",\"gasPrice\":\"0x3b9aca00\",\"maxFeePerGas\":null,\"maxPriorityFeePerGas\":null,\"value\":\"0x2710\",\"nonce\":\"0x27\",\"data\":\"0x\",\"chainId\":\"0x1d9d0d8\"}" methodSelector=<nil>
time=2024-01-30T14:55:52.090-03:00 level=INFO msg=SignTransaction api=signer type=response data=f86927843b9aca00825208942854fa282364a80f979b2024259aeb16b9e9348c822710808403b3a1d3a099d4f41baa7ae3c11dd32395a1ff26ba8d6d4727e0cb89d9941152b992a6d892a0356e15e59a1acee5034e46413781823680288b4dfdaf1609b448c95db1a72fe3 error=<nil>
time=2024-01-30T14:56:43.363-03:00 level=INFO msg=List api=signer type=request metadata="{\"remote\":\"NA\",\"local\":\"NA\",\"scheme\":\"ipc\",\"User-Agent\":\"\",\"Origin\":\"\"}"
time=2024-01-30T14:56:45.170-03:00 level=INFO msg=List api=signer type=response data=[0x65BbACef21EC52B240538497441B9DfF24BF839a]
time=2024-01-30T14:56:45.171-03:00 level=INFO msg=SignTransaction api=signer type=request metadata="{\"remote\":\"NA\",\"local\":\"NA\",\"scheme\":\"ipc\",\"User-Agent\":\"\",\"Origin\":\"\"}" tx="{\"from\":\"0x65BbACef21EC52B240538497441B9DfF24BF839a\",\"to\":\"0x2854fA282364A80f979b2024259AEB16b9e9348C\",\"gas\":\"0x5208\",\"gasPrice\":\"0x3b9aca00\",\"maxFeePerGas\":null,\"maxPriorityFeePerGas\":null,\"value\":\"0x2710\",\"nonce\":\"0x28\",\"data\":\"0x\",\"chainId\":\"0x1d9d0d8\"}" methodSelector=<nil>
time=2024-01-30T14:56:47.325-03:00 level=INFO msg=SignTransaction api=signer type=response data=f86828843b9aca00825208942854fa282364a80f979b2024259aeb16b9e9348c822710808403b3a1d39f4bc45525747a5eff4dd38dd0eb09dbad4058479eca1fb6ad6e2f1bddeab971a04298f9e70b079d6cca7ff41ebe7507630f095ff0684108d2d01e0ed67c35ef5a error=<nil>
time=2024-01-30T14:57:16.067-03:00 level=INFO msg=List api=signer type=request metadata="{\"remote\":\"NA\",\"local\":\"NA\",\"scheme\":\"ipc\",\"User-Agent\":\"\",\"Origin\":\"\"}"
time=2024-01-30T14:57:18.251-03:00 level=INFO msg=List api=signer type=response data=[0x65BbACef21EC52B240538497441B9DfF24BF839a]
time=2024-01-30T14:57:18.252-03:00 level=INFO msg=SignTransaction api=signer type=request metadata="{\"remote\":\"NA\",\"local\":\"NA\",\"scheme\":\"ipc\",\"User-Agent\":\"\",\"Origin\":\"\"}" tx="{\"from\":\"0x65BbACef21EC52B240538497441B9DfF24BF839a\",\"to\":\"0x2854fA282364A80f979b2024259AEB16b9e9348C\",\"gas\":\"0x5208\",\"gasPrice\":\"0x3b9aca00\",\"maxFeePerGas\":null,\"maxPriorityFeePerGas\":null,\"value\":\"0x2710\",\"nonce\":\"0x29\",\"data\":\"0x\",\"chainId\":\"0x1d9d0d8\"}" methodSelector=<nil>
time=2024-01-30T14:57:20.172-03:00 level=INFO msg=SignTransaction api=signer type=response data=f86929843b9aca00825208942854fa282364a80f979b2024259aeb16b9e9348c822710808403b3a1d4a042b4461abce8787894c33c7e7d857e949467d690d10f07ac80e82b61b2d6f826a01c39574a7255dd7322f30d296cd80064bcbea507594e23eb577cefb59947bd24 error=<nil>
time=2024-01-30T15:21:34.805-03:00 level=INFO msg=Configured api=signer "audit log"=audit.log
time=2024-01-30T15:54:48.950-03:00 level=INFO msg=Configured api=signer "audit log"=audit.log
time=2024-01-31T09:12:16.114-03:00 level=INFO msg=Configured api=signer "audit log"=audit.log
time=2024-01-31T12:35:23.606-03:00 level=INFO msg=Configured api=signer "audit log"=audit.log
time=2024-01-31T12:49:16.326-03:00 level=INFO msg=Configured api=signer "audit log"=audit.log
time=2024-01-31T12:52:44.499-03:00 level=INFO msg=Configured api=signer "audit log"=audit.log
time=2024-01-31T12:53:15.545-03:00 level=INFO msg=Configured api=signer "audit log"=audit.log
time=2024-01-31T12:54:19.418-03:00 level=INFO msg=Version api=signer type=request metadata="{\"remote\":\"NA\",\"local\":\"NA\",\"scheme\":\"ipc\",\"User-Agent\":\"\",\"Origin\":\"\"}"
time=2024-01-31T12:54:19.418-03:00 level=INFO msg=Version api=signer type=response data=6.1.0 error=<nil>
time=2024-01-31T12:54:44.342-03:00 level=INFO msg=List api=signer type=request metadata="{\"remote\":\"NA\",\"local\":\"NA\",\"scheme\":\"ipc\",\"User-Agent\":\"\",\"Origin\":\"\"}"
time=2024-01-31T12:55:28.918-03:00 level=INFO msg=Configured api=signer "audit log"=audit.log
time=2024-01-31T12:55:30.543-03:00 level=INFO msg=List api=signer type=request metadata="{\"remote\":\"NA\",\"local\":\"NA\",\"scheme\":\"ipc\",\"User-Agent\":\"\",\"Origin\":\"\"}"
time=2024-01-31T12:55:33.734-03:00 level=INFO msg=List api=signer type=response data=[0x65BbACef21EC52B240538497441B9DfF24BF839a]
time=2024-01-31T12:55:33.736-03:00 level=INFO msg=SignTransaction api=signer type=request metadata="{\"remote\":\"NA\",\"local\":\"NA\",\"scheme\":\"ipc\",\"User-Agent\":\"\",\"Origin\":\"\"}" tx="{\"from\":\"0x65BbACef21EC52B240538497441B9DfF24BF839a\",\"to\":\"0x2854fA282364A80f979b2024259AEB16b9e9348C\",\"gas\":\"0x5208\",\"gasPrice\":\"0x3b9aca00\",\"maxFeePerGas\":null,\"maxPriorityFeePerGas\":null,\"value\":\"0x2710\",\"nonce\":\"0x2a\",\"data\":\"0x\",\"chainId\":\"0x1d9d0d8\"}" methodSelector=<nil>
time=2024-01-31T12:55:36.962-03:00 level=INFO msg=SignTransaction api=signer type=response data=f8692a843b9aca00825208942854fa282364a80f979b2024259aeb16b9e9348c822710808403b3a1d3a009fe50308db532d15acdfc8b9102510ad50212b538f9afa292e750967bfeb7a4a059315b2f5407b73eae3aef993615d570d39ab34bb0def3c2602fbc7f2f55c23b error=<nil>
time=2024-01-31T12:56:42.146-03:00 level=INFO msg=Configured api=signer "audit log"=audit.log
time=2024-01-31T12:56:57.592-03:00 level=INFO msg=List api=signer type=request metadata="{\"remote\":\"NA\",\"local\":\"NA\",\"scheme\":\"ipc\",\"User-Agent\":\"\",\"Origin\":\"\"}"
time=2024-01-31T12:57:33.290-03:00 level=INFO msg=Configured api=signer "audit log"=audit.log
time=2024-01-31T12:58:13.258-03:00 level=INFO msg=Configured api=signer "audit log"=audit.log
time=2024-01-31T12:58:31.148-03:00 level=INFO msg=Configured api=signer "audit log"=audit.log
time=2024-01-31T12:58:58.669-03:00 level=INFO msg=Configured api=signer "audit log"=audit.log
time=2024-01-31T12:59:07.223-03:00 level=INFO msg=Configured api=signer "audit log"=audit.log
time=2024-01-31T13:02:21.242-03:00 level=INFO msg=Configured api=signer "audit log"=audit.log
time=2024-01-31T13:10:46.286-03:00 level=INFO msg=Configured api=signer "audit log"=audit.log
time=2024-01-31T13:10:59.989-03:00 level=INFO msg=Configured api=signer "audit log"=audit.log
time=2024-01-31T13:11:17.160-03:00 level=INFO msg=Configured api=signer "audit log"=audit.log
time=2024-01-31T13:12:00.251-03:00 level=INFO msg=Configured api=signer "audit log"=audit.log
time=2024-01-31T13:12:05.032-03:00 level=INFO msg=Version api=signer type=request metadata="{\"remote\":\"NA\",\"local\":\"NA\",\"scheme\":\"ipc\",\"User-Agent\":\"\",\"Origin\":\"\"}"
time=2024-01-31T13:12:05.032-03:00 level=INFO msg=Version api=signer type=response data=6.1.0 error=<nil>
time=2024-01-31T13:12:07.941-03:00 level=INFO msg=List api=signer type=request metadata="{\"remote\":\"NA\",\"local\":\"NA\",\"scheme\":\"ipc\",\"User-Agent\":\"\",\"Origin\":\"\"}"
time=2024-01-31T13:12:10.532-03:00 level=INFO msg=List api=signer type=response data=[0x65BbACef21EC52B240538497441B9DfF24BF839a]
time=2024-01-31T13:12:10.563-03:00 level=INFO msg=SignTransaction api=signer type=request metadata="{\"remote\":\"NA\",\"local\":\"NA\",\"scheme\":\"ipc\",\"User-Agent\":\"\",\"Origin\":\"\"}" tx="{\"from\":\"0x65BbACef21EC52B240538497441B9DfF24BF839a\",\"to\":\"0x2854fA282364A80f979b2024259AEB16b9e9348C\",\"gas\":\"0x5208\",\"gasPrice\":\"0x3b9aca00\",\"maxFeePerGas\":null,\"maxPriorityFeePerGas\":null,\"value\":\"0x2710\",\"nonce\":\"0x2b\",\"data\":\"0x\",\"chainId\":\"0x1d9d0d8\"}" methodSelector=<nil>
time=2024-01-31T13:12:12.834-03:00 level=INFO msg=SignTransaction api=signer type=response data=f8692b843b9aca00825208942854fa282364a80f979b2024259aeb16b9e9348c822710808403b3a1d3a06a99506b85967bd2ca8502f22c9c488ae50b037863328a2c9d618330bdd71000a0567b9d3b77aba2ee86860398c86904838275f6dcb26101b48f40a2ddc8a275f2 error=<nil>
time=2024-02-01T13:52:30.894-03:00 level=INFO msg=Configured api=signer "audit log"=audit.log
time=2024-02-01T13:52:51.782-03:00 level=INFO msg=Version api=signer type=request metadata="{\"remote\":\"NA\",\"local\":\"NA\",\"scheme\":\"ipc\",\"User-Agent\":\"\",\"Origin\":\"\"}"
time=2024-02-01T13:52:51.782-03:00 level=INFO msg=Version api=signer type=response data=6.1.0 error=<nil>
time=2024-02-01T13:54:16.935-03:00 level=INFO msg=List api=signer type=request metadata="{\"remote\":\"NA\",\"local\":\"NA\",\"scheme\":\"ipc\",\"User-Agent\":\"\",\"Origin\":\"\"}"
time=2024-02-01T13:54:19.751-03:00 level=INFO msg=List api=signer type=response data=[0x65BbACef21EC52B240538497441B9DfF24BF839a]
time=2024-02-01T13:54:19.753-03:00 level=INFO msg=SignTransaction api=signer type=request metadata="{\"remote\":\"NA\",\"local\":\"NA\",\"scheme\":\"ipc\",\"User-Agent\":\"\",\"Origin\":\"\"}" tx="{\"from\":\"0x65BbACef21EC52B240538497441B9DfF24BF839a\",\"to\":\"0x2854fA282364A80f979b2024259AEB16b9e9348C\",\"gas\":\"0x5208\",\"gasPrice\":\"0x3b9aca00\",\"maxFeePerGas\":null,\"maxPriorityFeePerGas\":null,\"value\":\"0x2710\",\"nonce\":\"0x2c\",\"data\":\"0x\",\"chainId\":\"0x1d9d0d8\"}" methodSelector=<nil>
time=2024-02-01T13:55:23.553-03:00 level=INFO msg=Configured api=signer "audit log"=audit.log
time=2024-02-01T13:55:57.144-03:00 level=INFO msg=List api=signer type=request metadata="{\"remote\":\"NA\",\"local\":\"NA\",\"scheme\":\"ipc\",\"User-Agent\":\"\",\"Origin\":\"\"}"
time=2024-02-01T13:56:00.496-03:00 level=INFO msg=List api=signer type=response data=[0x65BbACef21EC52B240538497441B9DfF24BF839a]
time=2024-02-01T13:56:00.497-03:00 level=INFO msg=SignTransaction api=signer type=request metadata="{\"remote\":\"NA\",\"local\":\"NA\",\"scheme\":\"ipc\",\"User-Agent\":\"\",\"Origin\":\"\"}" tx="{\"from\":\"0x65BbACef21EC52B240538497441B9DfF24BF839a\",\"to\":\"0x2854fA282364A80f979b2024259AEB16b9e9348C\",\"gas\":\"0x5208\",\"gasPrice\":\"0x3b9aca00\",\"maxFeePerGas\":null,\"maxPriorityFeePerGas\":null,\"value\":\"0x2710\",\"nonce\":\"0x2c\",\"data\":\"0x\",\"chainId\":\"0x1d9d0d8\"}" methodSelector=<nil>
time=2024-02-01T13:56:18.688-03:00 level=INFO msg=Configured api=signer "audit log"=audit.log
time=2024-02-01T13:57:13.641-03:00 level=INFO msg=List api=signer type=request metadata="{\"remote\":\"NA\",\"local\":\"NA\",\"scheme\":\"ipc\",\"User-Agent\":\"\",\"Origin\":\"\"}"
time=2024-02-01T13:57:15.537-03:00 level=INFO msg=List api=signer type=response data=[0x65BbACef21EC52B240538497441B9DfF24BF839a]
time=2024-02-01T13:57:15.538-03:00 level=INFO msg=SignTransaction api=signer type=request metadata="{\"remote\":\"NA\",\"local\":\"NA\",\"scheme\":\"ipc\",\"User-Agent\":\"\",\"Origin\":\"\"}" tx="{\"from\":\"0x65BbACef21EC52B240538497441B9DfF24BF839a\",\"to\":\"0x2854fA282364A80f979b2024259AEB16b9e9348C\",\"gas\":\"0x5208\",\"gasPrice\":\"0x3b9aca00\",\"maxFeePerGas\":null,\"maxPriorityFeePerGas\":null,\"value\":\"0x2710\",\"nonce\":\"0x2c\",\"data\":\"0x\",\"chainId\":\"0x1d9d0d8\"}" methodSelector=<nil>
time=2024-02-01T13:57:17.447-03:00 level=INFO msg=SignTransaction api=signer type=response data=f8692c843b9aca00825208942854fa282364a80f979b2024259aeb16b9e9348c822710808403b3a1d3a06766525edff13d16481921398182d9fbc6fb7330d3cbd60cc4cdd5b731734f44a002cb597a7c7fcd6467301036cd37a1ca108de235f4d57369b7c9fbf80ddd2840 error=<nil>
time=2024-02-01T13:58:16.762-03:00 level=INFO msg=List api=signer type=request metadata="{\"remote\":\"NA\",\"local\":\"NA\",\"scheme\":\"ipc\",\"User-Agent\":\"\",\"Origin\":\"\"}"
time=2024-02-01T13:58:19.465-03:00 level=INFO msg=List api=signer type=response data=[0x65BbACef21EC52B240538497441B9DfF24BF839a]
time=2024-02-01T13:58:19.466-03:00 level=INFO msg=SignTransaction api=signer type=request metadata="{\"remote\":\"NA\",\"local\":\"NA\",\"scheme\":\"ipc\",\"User-Agent\":\"\",\"Origin\":\"\"}" tx="{\"from\":\"0x65BbACef21EC52B240538497441B9DfF24BF839a\",\"to\":\"0x2854fA282364A80f979b2024259AEB16b9e9348C\",\"gas\":\"0x5208\",\"gasPrice\":\"0x3b9aca00\",\"maxFeePerGas\":null,\"maxPriorityFeePerGas\":null,\"value\":\"0x2710\",\"nonce\":\"0x2d\",\"data\":\"0x\",\"chainId\":\"0x1d9d0d8\"}" methodSelector=<nil>
time=2024-02-01T13:58:35.979-03:00 level=INFO msg=Configured api=signer "audit log"=audit.log
time=2024-02-01T13:58:43.586-03:00 level=INFO msg=List api=signer type=request metadata="{\"remote\":\"NA\",\"local\":\"NA\",\"scheme\":\"ipc\",\"User-Agent\":\"\",\"Origin\":\"\"}"
time=2024-02-01T13:58:47.506-03:00 level=INFO msg=List api=signer type=response data=[0x65BbACef21EC52B240538497441B9DfF24BF839a]
time=2024-02-01T13:58:47.507-03:00 level=INFO msg=SignTransaction api=signer type=request metadata="{\"remote\":\"NA\",\"local\":\"NA\",\"scheme\":\"ipc\",\"User-Agent\":\"\",\"Origin\":\"\"}" tx="{\"from\":\"0x65BbACef21EC52B240538497441B9DfF24BF839a\",\"to\":\"0x2854fA282364A80f979b2024259AEB16b9e9348C\",\"gas\":\"0x5208\",\"gasPrice\":\"0x3b9aca00\",\"maxFeePerGas\":null,\"maxPriorityFeePerGas\":null,\"value\":\"0x2710\",\"nonce\":\"0x2d\",\"data\":\"0x\",\"chainId\":\"0x1d9d0d8\"}" methodSelector=<nil>
time=2024-02-01T13:58:49.689-03:00 level=INFO msg=SignTransaction api=signer type=response data=f8692d843b9aca00825208942854fa282364a80f979b2024259aeb16b9e9348c822710808403b3a1d3a02a3143e6ab89a1a5a693d18b416987ece01cb1a2f0a41ea1cc8509cbf662d0e9a06ff34e8a6019de9e84d636190e94d80729807ea47e91e6a7d340ddee3208bd2d error=<nil>
time=2024-02-01T14:00:41.617-03:00 level=INFO msg=Configured api=signer "audit log"=audit.log
time=2024-02-01T14:09:36.131-03:00 level=INFO msg=Configured api=signer "audit log"=audit.log
time=2024-02-01T14:11:34.912-03:00 level=INFO msg=Configured api=signer "audit log"=audit.log
time=2024-02-01T14:12:16.407-03:00 level=INFO msg=Configured api=signer "audit log"=audit.log
time=2024-02-01T14:20:18.398-03:00 level=INFO msg=Configured api=signer "audit log"=audit.log
time=2024-02-01T14:22:44.875-03:00 level=INFO msg=Version api=signer type=request metadata="{\"remote\":\"NA\",\"local\":\"NA\",\"scheme\":\"ipc\",\"User-Agent\":\"\",\"Origin\":\"\"}"
time=2024-02-01T14:22:44.875-03:00 level=INFO msg=Version api=signer type=response data=6.1.0 error=<nil>
time=2024-02-01T14:22:55.311-03:00 level=INFO msg=List api=signer type=request metadata="{\"remote\":\"NA\",\"local\":\"NA\",\"scheme\":\"ipc\",\"User-Agent\":\"\",\"Origin\":\"\"}"
time=2024-02-01T14:23:02.127-03:00 level=INFO msg=List api=signer type=response data=[0x65BbACef21EC52B240538497441B9DfF24BF839a]
time=2024-02-01T14:23:02.129-03:00 level=INFO msg=SignTransaction api=signer type=request metadata="{\"remote\":\"NA\",\"local\":\"NA\",\"scheme\":\"ipc\",\"User-Agent\":\"\",\"Origin\":\"\"}" tx="{\"from\":\"0x65BbACef21EC52B240538497441B9DfF24BF839a\",\"to\":\"0x2854fA282364A80f979b2024259AEB16b9e9348C\",\"gas\":\"0x5208\",\"gasPrice\":\"0x3b9aca00\",\"maxFeePerGas\":null,\"maxPriorityFeePerGas\":null,\"value\":\"0x2710\",\"nonce\":\"0x2e\",\"data\":\"0x\",\"chainId\":\"0x1d9d0d8\"}" methodSelector=<nil>
time=2024-02-01T14:26:03.118-03:00 level=INFO msg=Configured api=signer "audit log"=audit.log
time=2024-02-01T14:26:17.459-03:00 level=INFO msg=List api=signer type=request metadata="{\"remote\":\"NA\",\"local\":\"NA\",\"scheme\":\"ipc\",\"User-Agent\":\"\",\"Origin\":\"\"}"
time=2024-02-01T14:26:19.466-03:00 level=INFO msg=List api=signer type=response data=[]
time=2024-02-01T14:26:22.851-03:00 level=INFO msg=List api=signer type=request metadata="{\"remote\":\"NA\",\"local\":\"NA\",\"scheme\":\"ipc\",\"User-Agent\":\"\",\"Origin\":\"\"}"
time=2024-02-01T14:26:24.747-03:00 level=INFO msg=List api=signer type=response data=[0x65BbACef21EC52B240538497441B9DfF24BF839a]
time=2024-02-01T14:26:24.748-03:00 level=INFO msg=SignTransaction api=signer type=request metadata="{\"remote\":\"NA\",\"local\":\"NA\",\"scheme\":\"ipc\",\"User-Agent\":\"\",\"Origin\":\"\"}" tx="{\"from\":\"0x65BbACef21EC52B240538497441B9DfF24BF839a\",\"to\":\"0x2854fA282364A80f979b2024259AEB16b9e9348C\",\"gas\":\"0x5208\",\"gasPrice\":\"0x3b9aca00\",\"maxFeePerGas\":null,\"maxPriorityFeePerGas\":null,\"value\":\"0x2710\",\"nonce\":\"0x2e\",\"data\":\"0x\",\"chainId\":\"0x1d9d0d8\"}" methodSelector=<nil>
time=2024-02-01T14:26:27.512-03:00 level=INFO msg=SignTransaction api=signer type=response data=f8692e843b9aca00825208942854fa282364a80f979b2024259aeb16b9e9348c822710808403b3a1d4a0d77176b32b112724fca62a8b29a412e412f5be661698c21572d2a32e2106edd7a04adc7e58183e5c56a2fcac27a9d42474176d5cb37a4266cc602aa6c1ea697837 error=<nil>
time=2024-02-01T14:26:58.156-03:00 level=INFO msg=List api=signer type=request metadata="{\"remote\":\"NA\",\"local\":\"NA\",\"scheme\":\"ipc\",\"User-Agent\":\"\",\"Origin\":\"\"}"
time=2024-02-01T14:27:01.531-03:00 level=INFO msg=List api=signer type=response data=[0x65BbACef21EC52B240538497441B9DfF24BF839a]
time=2024-02-01T14:27:13.068-03:00 level=INFO msg=List api=signer type=request metadata="{\"remote\":\"NA\",\"local\":\"NA\",\"scheme\":\"ipc\",\"User-Agent\":\"\",\"Origin\":\"\"}"
time=2024-02-01T14:27:13.068-03:00 level=INFO msg=List api=signer type=response data=[0x65BbACef21EC52B240538497441B9DfF24BF839a]
time=2024-02-01T14:27:24.804-03:00 level=INFO msg=List api=signer type=request metadata="{\"remote\":\"NA\",\"local\":\"NA\",\"scheme\":\"ipc\",\"User-Agent\":\"\",\"Origin\":\"\"}"
time=2024-02-01T14:27:24.804-03:00 level=INFO msg=List api=signer type=response data=[0x65BbACef21EC52B240538497441B9DfF24BF839a]
time=2024-02-01T14:27:24.805-03:00 level=INFO msg=SignTransaction api=signer type=request metadata="{\"remote\":\"NA\",\"local\":\"NA\",\"scheme\":\"ipc\",\"User-Agent\":\"\",\"Origin\":\"\"}" tx="{\"from\":\"0x65BbACef21EC52B240538497441B9DfF24BF839a\",\"to\":\"0x2854fA282364A80f979b2024259AEB16b9e9348C\",\"gas\":\"0x5208\",\"gasPrice\":\"0x3b9aca00\",\"maxFeePerGas\":null,\"maxPriorityFeePerGas\":null,\"value\":\"0x2710\",\"nonce\":\"0x2f\",\"data\":\"0x\",\"chainId\":\"0x1d9d0d8\"}" methodSelector=<nil>
time=2024-02-01T14:27:27.714-03:00 level=INFO msg=SignTransaction api=signer type=response data=<nil> error="could not decrypt key with given password"
time=2024-02-01T14:27:35.988-03:00 level=INFO msg=List api=signer type=request metadata="{\"remote\":\"NA\",\"local\":\"NA\",\"scheme\":\"ipc\",\"User-Agent\":\"\",\"Origin\":\"\"}"
time=2024-02-01T14:27:35.988-03:00 level=INFO msg=List api=signer type=response data=[]
time=2024-02-01T14:27:41.972-03:00 level=INFO msg=List api=signer type=request metadata="{\"remote\":\"NA\",\"local\":\"NA\",\"scheme\":\"ipc\",\"User-Agent\":\"\",\"Origin\":\"\"}"
time=2024-02-01T14:27:46.228-03:00 level=INFO msg=List api=signer type=response data=[0x65BbACef21EC52B240538497441B9DfF24BF839a]
time=2024-02-01T14:27:46.229-03:00 level=INFO msg=SignTransaction api=signer type=request metadata="{\"remote\":\"NA\",\"local\":\"NA\",\"scheme\":\"ipc\",\"User-Agent\":\"\",\"Origin\":\"\"}" tx="{\"from\":\"0x65BbACef21EC52B240538497441B9DfF24BF839a\",\"to\":\"0x2854fA282364A80f979b2024259AEB16b9e9348C\",\"gas\":\"0x5208\",\"gasPrice\":\"0x3b9aca00\",\"maxFeePerGas\":null,\"maxPriorityFeePerGas\":null,\"value\":\"0x2710\",\"nonce\":\"0x2f\",\"data\":\"0x\",\"chainId\":\"0x1d9d0d8\"}" methodSelector=<nil>
time=2024-02-01T14:27:49.086-03:00 level=INFO msg=SignTransaction api=signer type=response data=f8692f843b9aca00825208942854fa282364a80f979b2024259aeb16b9e9348c822710808403b3a1d4a0bdc1fb49ac7a4c7545d7c6d6a6dc12196a49655c67d80eea9db7d7d5cfa149cea00d4d729a0a9767a08ab278ae3dca1b0326951e089a9d5ab4c8ec5692a45104f7 error=<nil>
time=2024-02-01T14:32:54.434-03:00 level=INFO msg=List api=signer type=request metadata="{\"remote\":\"NA\",\"local\":\"NA\",\"scheme\":\"ipc\",\"User-Agent\":\"\",\"Origin\":\"\"}"
time=2024-02-01T14:32:57.250-03:00 level=INFO msg=List api=signer type=response data=[0x65BbACef21EC52B240538497441B9DfF24BF839a]
time=2024-02-01T14:32:57.251-03:00 level=INFO msg=SignTransaction api=signer type=request metadata="{\"remote\":\"NA\",\"local\":\"NA\",\"scheme\":\"ipc\",\"User-Agent\":\"\",\"Origin\":\"\"}" tx="{\"from\":\"0x65BbACef21EC52B240538497441B9DfF24BF839a\",\"to\":\"0x2854fA282364A80f979b2024259AEB16b9e9348C\",\"gas\":\"0x5208\",\"gasPrice\":\"0x3b9aca00\",\"maxFeePerGas\":null,\"maxPriorityFeePerGas\":null,\"value\":\"0x2710\",\"nonce\":\"0x30\",\"data\":\"0x\",\"chainId\":\"0x1d9d0d8\"}" methodSelector=<nil>
time=2024-02-01T14:32:59.509-03:00 level=INFO msg=SignTransaction api=signer type=response data=f86930843b9aca00825208942854fa282364a80f979b2024259aeb16b9e9348c822710808403b3a1d3a0102d9e1b73889bc2da57052c42cb2336ea5a8b68ca23527fd623578f52921645a021bf59a5e612a73d4c776e7810736bd4ea39dde98b0f1fd6a213d87cb4be96b8 error=<nil>
time=2024-02-01T15:41:16.616-03:00 level=INFO msg=Configured api=signer "audit log"=audit.log
time=2024-02-01T15:46:44.277-03:00 level=INFO msg=Configured api=signer "audit log"=audit.log
time=2024-02-01T16:08:34.263-03:00 level=INFO msg=Configured api=signer "audit log"=audit.log
time=2024-02-07T10:16:21.957-03:00 level=INFO msg=Configured api=signer "audit log"=audit.log
time=2024-02-07T13:34:01.679-03:00 level=INFO msg=Configured api=signer "audit log"=audit.log
time=2024-02-08T08:25:20.064-03:00 level=INFO msg=Configured api=signer "audit log"=audit.log
time=2024-02-29T12:30:55.478-03:00 level=INFO msg=Configured api=signer "audit log"=audit.log
time=2024-03-04T13:56:20.327-03:00 level=INFO msg=Configured api=signer "audit log"=audit.log
time=2024-03-22T10:42:39.642-03:00 level=INFO msg=Configured api=signer "audit log"=audit.log
time=2024-03-22T10:46:17.435-03:00 level=INFO msg=Configured api=signer "audit log"=audit.log
time=2024-03-25T08:46:28.739-03:00 level=INFO msg=Configured api=signer "audit log"=audit.log
time=2024-03-25T08:50:25.118-03:00 level=INFO msg=Configured api=signer "audit log"=audit.log
time=2024-03-25T09:11:34.146-03:00 level=INFO msg=Configured api=signer "audit log"=audit.log
time=2024-03-25T09:22:18.104-03:00 level=INFO msg=Configured api=signer "audit log"=audit.log
time=2024-03-25T09:42:07.789-03:00 level=INFO msg=Configured api=signer "audit log"=audit.log
time=2024-03-26T10:04:55.806-03:00 level=INFO msg=Configured api=signer "audit log"=audit.log
time=2024-03-26T14:50:00.036-03:00 level=INFO msg=Configured api=signer "audit log"=audit.log
time=2024-03-27T09:43:44.461-03:00 level=INFO msg=Configured api=signer "audit log"=audit.log
time=2024-03-28T10:50:34.292-03:00 level=INFO msg=Configured api=signer "audit log"=audit.log
time=2024-04-01T07:46:49.498-03:00 level=INFO msg=Configured api=signer "audit log"=audit.log
time=2024-04-01T08:58:22.390-03:00 level=INFO msg=Configured api=signer "audit log"=audit.log
time=2024-04-01T09:04:02.435-03:00 level=INFO msg=Configured api=signer "audit log"=audit.log
time=2024-04-02T12:47:24.993-03:00 level=INFO msg=Configured api=signer "audit log"=audit.log
time=2024-04-02T13:37:29.985-03:00 level=INFO msg=Version api=signer type=request metadata="{\"remote\":\"NA\",\"local\":\"NA\",\"scheme\":\"ipc\",\"User-Agent\":\"\",\"Origin\":\"\"}"
time=2024-04-02T13:37:29.985-03:00 level=INFO msg=Version api=signer type=response data=6.1.0 error=<nil>
time=2024-04-02T13:38:10.676-03:00 level=INFO msg=Version api=signer type=request metadata="{\"remote\":\"NA\",\"local\":\"NA\",\"scheme\":\"ipc\",\"User-Agent\":\"\",\"Origin\":\"\"}"
time=2024-04-02T13:38:10.676-03:00 level=INFO msg=Version api=signer type=response data=6.1.0 error=<nil>
time=2024-04-02T13:38:55.443-03:00 level=INFO msg=List api=signer type=request metadata="{\"remote\":\"NA\",\"local\":\"NA\",\"scheme\":\"ipc\",\"User-Agent\":\"\",\"Origin\":\"\"}"
time=2024-04-02T13:39:01.994-03:00 level=INFO msg=List api=signer type=response data=[0x65BbACef21EC52B240538497441B9DfF24BF839a]
time=2024-04-02T13:39:01.997-03:00 level=INFO msg=SignTransaction api=signer type=request metadata="{\"remote\":\"NA\",\"local\":\"NA\",\"scheme\":\"ipc\",\"User-Agent\":\"\",\"Origin\":\"\"}" tx="{\"from\":\"0x65BbACef21EC52B240538497441B9DfF24BF839a\",\"to\":\"0x2854fA282364A80f979b2024259AEB16b9e9348C\",\"gas\":\"0x5208\",\"gasPrice\":\"0x3b9aca00\",\"maxFeePerGas\":null,\"maxPriorityFeePerGas\":null,\"value\":\"0x2710\",\"nonce\":\"0x31\",\"data\":\"0x\",\"chainId\":\"0x1d9d0d8\"}" methodSelector=<nil>
time=2024-04-02T13:39:08.079-03:00 level=INFO msg=SignTransaction api=signer type=response data=<nil> error="could not decrypt key with given password"
time=2024-04-02T13:39:31.947-03:00 level=INFO msg=List api=signer type=request metadata="{\"remote\":\"NA\",\"local\":\"NA\",\"scheme\":\"ipc\",\"User-Agent\":\"\",\"Origin\":\"\"}"
time=2024-04-02T13:39:36.811-03:00 level=INFO msg=List api=signer type=response data=[0x65BbACef21EC52B240538497441B9DfF24BF839a]
time=2024-04-02T13:39:36.812-03:00 level=INFO msg=SignTransaction api=signer type=request metadata="{\"remote\":\"NA\",\"local\":\"NA\",\"scheme\":\"ipc\",\"User-Agent\":\"\",\"Origin\":\"\"}" tx="{\"from\":\"0x65BbACef21EC52B240538497441B9DfF24BF839a\",\"to\":\"0x2854fA282364A80f979b2024259AEB16b9e9348C\",\"gas\":\"0x5208\",\"gasPrice\":\"0x3b9aca00\",\"maxFeePerGas\":null,\"maxPriorityFeePerGas\":null,\"value\":\"0x2710\",\"nonce\":\"0x31\",\"data\":\"0x\",\"chainId\":\"0x1d9d0d8\"}" methodSelector=<nil>
time=2024-04-02T13:39:44.317-03:00 level=INFO msg=SignTransaction api=signer type=response data=f86931843b9aca00825208942854fa282364a80f979b2024259aeb16b9e9348c822710808403b3a1d3a075495f981ab4c0353152b04ec9cef7d7982b32f78bf039a26f052eed49f15030a01c240278e524192ea4fa1b596a6cc4057c3696f59802405dfb6e1ed1a31bcdd7 error=<nil>
time=2024-04-02T13:46:12.722-03:00 level=INFO msg=List api=signer type=request metadata="{\"remote\":\"NA\",\"local\":\"NA\",\"scheme\":\"ipc\",\"User-Agent\":\"\",\"Origin\":\"\"}"
time=2024-04-02T13:46:15.121-03:00 level=INFO msg=List api=signer type=response data=[0x65BbACef21EC52B240538497441B9DfF24BF839a]
time=2024-04-02T13:46:15.122-03:00 level=INFO msg=SignTransaction api=signer type=request metadata="{\"remote\":\"NA\",\"local\":\"NA\",\"scheme\":\"ipc\",\"User-Agent\":\"\",\"Origin\":\"\"}" tx="{\"from\":\"0x65BbACef21EC52B240538497441B9DfF24BF839a\",\"to\":\"0x2854fA282364A80f979b2024259AEB16b9e9348C\",\"gas\":\"0x5208\",\"gasPrice\":\"0x3b9aca00\",\"maxFeePerGas\":null,\"maxPriorityFeePerGas\":null,\"value\":\"0x2710\",\"nonce\":\"0x32\",\"data\":\"0x\",\"chainId\":\"0x1d9d0d8\"}" methodSelector=<nil>
time=2024-04-02T13:46:18.198-03:00 level=INFO msg=SignTransaction api=signer type=response data=f86932843b9aca00825208942854fa282364a80f979b2024259aeb16b9e9348c822710808403b3a1d4a0260eb927b4c32999cd70d8fd26e8f12c11f5e9a9268896ab93bf6f62ff293d4aa06bca4bec304834349350a68ef00d2559e66f1799eb860fba1c0b5109df2d532c error=<nil>
time=2024-04-02T13:53:35.009-03:00 level=INFO msg=List api=signer type=request metadata="{\"remote\":\"NA\",\"local\":\"NA\",\"scheme\":\"ipc\",\"User-Agent\":\"\",\"Origin\":\"\"}"
time=2024-04-02T13:53:37.304-03:00 level=INFO msg=List api=signer type=response data=[]
time=2024-04-02T13:53:42.057-03:00 level=INFO msg=List api=signer type=request metadata="{\"remote\":\"NA\",\"local\":\"NA\",\"scheme\":\"ipc\",\"User-Agent\":\"\",\"Origin\":\"\"}"
time=2024-04-02T13:53:43.904-03:00 level=INFO msg=List api=signer type=response data=[0x65BbACef21EC52B240538497441B9DfF24BF839a]
time=2024-04-02T13:53:43.906-03:00 level=INFO msg=SignTransaction api=signer type=request metadata="{\"remote\":\"NA\",\"local\":\"NA\",\"scheme\":\"ipc\",\"User-Agent\":\"\",\"Origin\":\"\"}" tx="{\"from\":\"0x65BbACef21EC52B240538497441B9DfF24BF839a\",\"to\":\"0x2854fA282364A80f979b2024259AEB16b9e9348C\",\"gas\":\"0x5208\",\"gasPrice\":\"0x3b9aca00\",\"maxFeePerGas\":null,\"maxPriorityFeePerGas\":null,\"value\":\"0x2710\",\"nonce\":\"0x33\",\"data\":\"0x\",\"chainId\":\"0x1d9d0d8\"}" methodSelector=<nil>
time=2024-04-02T13:53:47.875-03:00 level=INFO msg=SignTransaction api=signer type=response data=<nil> error="could not decrypt key with given password"
time=2024-04-02T13:54:02.802-03:00 level=INFO msg=List api=signer type=request metadata="{\"remote\":\"NA\",\"local\":\"NA\",\"scheme\":\"ipc\",\"User-Agent\":\"\",\"Origin\":\"\"}"
time=2024-04-02T13:54:05.465-03:00 level=INFO msg=List api=signer type=response data=[0x65BbACef21EC52B240538497441B9DfF24BF839a]
time=2024-04-02T13:54:05.466-03:00 level=INFO msg=SignTransaction api=signer type=request metadata="{\"remote\":\"NA\",\"local\":\"NA\",\"scheme\":\"ipc\",\"User-Agent\":\"\",\"Origin\":\"\"}" tx="{\"from\":\"0x65BbACef21EC52B240538497441B9DfF24BF839a\",\"to\":\"0x2854fA282364A80f979b2024259AEB16b9e9348C\",\"gas\":\"0x5208\",\"gasPrice\":\"0x3b9aca00\",\"maxFeePerGas\":null,\"maxPriorityFeePerGas\":null,\"value\":\"0x2710\",\"nonce\":\"0x33\",\"data\":\"0x\",\"chainId\":\"0x1d9d0d8\"}" methodSelector=<nil>
time=2024-04-02T13:54:08.177-03:00 level=INFO msg=SignTransaction api=signer type=response data=<nil> error="could not decrypt key with given password"
time=2024-04-02T13:57:20.372-03:00 level=INFO msg=List api=signer type=request metadata="{\"remote\":\"NA\",\"local\":\"NA\",\"scheme\":\"ipc\",\"User-Agent\":\"\",\"Origin\":\"\"}"
time=2024-04-02T13:57:22.188-03:00 level=INFO msg=List api=signer type=response data=[0x65BbACef21EC52B240538497441B9DfF24BF839a]
time=2024-04-02T13:57:22.189-03:00 level=INFO msg=SignTransaction api=signer type=request metadata="{\"remote\":\"NA\",\"local\":\"NA\",\"scheme\":\"ipc\",\"User-Agent\":\"\",\"Origin\":\"\"}" tx="{\"from\":\"0x65BbACef21EC52B240538497441B9DfF24BF839a\",\"to\":\"0x2854fA282364A80f979b2024259AEB16b9e9348C\",\"gas\":\"0x5208\",\"gasPrice\":\"0x3b9aca00\",\"maxFeePerGas\":null,\"maxPriorityFeePerGas\":null,\"value\":\"0x2710\",\"nonce\":\"0x33\",\"data\":\"0x\",\"chainId\":\"0x1d9d0d8\"}" methodSelector=<nil>
time=2024-04-02T13:57:25.773-03:00 level=INFO msg=SignTransaction api=signer type=response data=f86933843b9aca00825208942854fa282364a80f979b2024259aeb16b9e9348c822710808403b3a1d4a0abd38ba3053d54d1a59a89c3471e6ace642bfa7e31b210bf90f6bd725ac4c97da065e05b07858fdc81a80e34ce8c049f9706c12e44fddd05544ee86cac7e5ee52a error=<nil>
time=2024-04-02T14:03:52.659-03:00 level=INFO msg=List api=signer type=request metadata="{\"remote\":\"NA\",\"local\":\"NA\",\"scheme\":\"ipc\",\"User-Agent\":\"\",\"Origin\":\"\"}"
time=2024-04-02T14:03:55.058-03:00 level=INFO msg=List api=signer type=response data=[0x65BbACef21EC52B240538497441B9DfF24BF839a]
time=2024-04-02T14:03:55.059-03:00 level=INFO msg=SignTransaction api=signer type=request metadata="{\"remote\":\"NA\",\"local\":\"NA\",\"scheme\":\"ipc\",\"User-Agent\":\"\",\"Origin\":\"\"}" tx="{\"from\":\"0x65BbACef21EC52B240538497441B9DfF24BF839a\",\"to\":\"0x2854fA282364A80f979b2024259AEB16b9e9348C\",\"gas\":\"0x5208\",\"gasPrice\":\"0x3b9aca00\",\"maxFeePerGas\":null,\"maxPriorityFeePerGas\":null,\"value\":\"0x2710\",\"nonce\":\"0x34\",\"data\":\"0x\",\"chainId\":\"0x1d9d0d8\"}" methodSelector=<nil>
time=2024-04-02T14:03:57.398-03:00 level=INFO msg=SignTransaction api=signer type=response data=f86934843b9aca00825208942854fa282364a80f979b2024259aeb16b9e9348c822710808403b3a1d3a0ed2d14158e449ceaa56b7202d8e7d668f401e12f1e84297a365bf8532dcaa651a02c07d00cf7af51238693db33bcc66e1819b898f386705eb4174772bb0fcb7c4c error=<nil>
time=2024-04-02T14:04:21.523-03:00 level=INFO msg=List api=signer type=request metadata="{\"remote\":\"NA\",\"local\":\"NA\",\"scheme\":\"ipc\",\"User-Agent\":\"\",\"Origin\":\"\"}"
time=2024-04-02T14:04:23.947-03:00 level=INFO msg=List api=signer type=response data=[0x65BbACef21EC52B240538497441B9DfF24BF839a]
time=2024-04-02T14:04:23.948-03:00 level=INFO msg=SignTransaction api=signer type=request metadata="{\"remote\":\"NA\",\"local\":\"NA\",\"scheme\":\"ipc\",\"User-Agent\":\"\",\"Origin\":\"\"}" tx="{\"from\":\"0x65BbACef21EC52B240538497441B9DfF24BF839a\",\"to\":\"0x2854fA282364A80f979b2024259AEB16b9e9348C\",\"gas\":\"0x5208\",\"gasPrice\":\"0x3b9aca00\",\"maxFeePerGas\":null,\"maxPriorityFeePerGas\":null,\"value\":\"0x2710\",\"nonce\":\"0x35\",\"data\":\"0x\",\"chainId\":\"0x1d9d0d8\"}" methodSelector=<nil>
time=2024-04-02T14:04:27.329-03:00 level=INFO msg=SignTransaction api=signer type=response data=f86935843b9aca00825208942854fa282364a80f979b2024259aeb16b9e9348c822710808403b3a1d4a0e9f3bb9051ca060e8b0a31fedb87e843dd536fe3b5aad59444e11cc2feafbca5a075614757eb5f956874d58a9a40d62bc750a960acaf573ccf5b97aa82a07605b9 error=<nil>
time=2024-04-02T14:05:19.523-03:00 level=INFO msg=List api=signer type=request metadata="{\"remote\":\"NA\",\"local\":\"NA\",\"scheme\":\"ipc\",\"User-Agent\":\"\",\"Origin\":\"\"}"
time=2024-04-02T14:05:21.339-03:00 level=INFO msg=List api=signer type=response data=[0x65BbACef21EC52B240538497441B9DfF24BF839a]
time=2024-04-02T14:05:21.340-03:00 level=INFO msg=SignTransaction api=signer type=request metadata="{\"remote\":\"NA\",\"local\":\"NA\",\"scheme\":\"ipc\",\"User-Agent\":\"\",\"Origin\":\"\"}" tx="{\"from\":\"0x65BbACef21EC52B240538497441B9DfF24BF839a\",\"to\":\"0x2854fA282364A80f979b2024259AEB16b9e9348C\",\"gas\":\"0x5208\",\"gasPrice\":\"0x3b9aca00\",\"maxFeePerGas\":null,\"maxPriorityFeePerGas\":null,\"value\":\"0x2710\",\"nonce\":\"0x36\",\"data\":\"0x\",\"chainId\":\"0x1d9d0d8\"}" methodSelector=<nil>
time=2024-04-02T14:05:23.856-03:00 level=INFO msg=SignTransaction api=signer type=response data=f86936843b9aca00825208942854fa282364a80f979b2024259aeb16b9e9348c822710808403b3a1d3a0523baed0b60e4b369ea015807c3768df0ca8cdaf40ccd22c7adac6803ddabbd0a055bd87f4ec259787d9ee3b8dac7868c0d31b6f86a2e8db6830ef039dcbd84ed1 error=<nil>
time=2024-04-02T14:06:13.573-03:00 level=INFO msg=List api=signer type=request metadata="{\"remote\":\"NA\",\"local\":\"NA\",\"scheme\":\"ipc\",\"User-Agent\":\"\",\"Origin\":\"\"}"
time=2024-04-02T14:06:15.020-03:00 level=INFO msg=List api=signer type=response data=[0x65BbACef21EC52B240538497441B9DfF24BF839a]
time=2024-04-02T14:06:15.021-03:00 level=INFO msg=SignTransaction api=signer type=request metadata="{\"remote\":\"NA\",\"local\":\"NA\",\"scheme\":\"ipc\",\"User-Agent\":\"\",\"Origin\":\"\"}" tx="{\"from\":\"0x65BbACef21EC52B240538497441B9DfF24BF839a\",\"to\":\"0x2854fA282364A80f979b2024259AEB16b9e9348C\",\"gas\":\"0x5208\",\"gasPrice\":\"0x3b9aca00\",\"maxFeePerGas\":null,\"maxPriorityFeePerGas\":null,\"value\":\"0x2710\",\"nonce\":\"0x37\",\"data\":\"0x\",\"chainId\":\"0x1d9d0d8\"}" methodSelector=<nil>
time=2024-04-02T14:06:17.111-03:00 level=INFO msg=SignTransaction api=signer type=response data=f86937843b9aca00825208942854fa282364a80f979b2024259aeb16b9e9348c822710808403b3a1d4a0d742635d57550d04ee5ffa84177106863f6acbee71909261005c7a3137053cf9a0778339f37c2bbb8cfa4a10fd63c25f571a51e72586d0d417eb320aefefb396fd error=<nil>
time=2024-04-02T14:10:05.107-03:00 level=INFO msg=Configured api=signer "audit log"=audit.log
time=2024-04-03T08:20:31.299-03:00 level=INFO msg=Configured api=signer "audit log"=audit.log
time=2024-04-04T11:00:43.841-03:00 level=INFO msg=Configured api=signer "audit log"=audit.log
time=2024-04-10T07:55:44.870-03:00 level=INFO msg=Configured api=signer "audit log"=audit.log
